[2023-12-14 08:20:04] local.ERROR: The "--columns" option does not exist. {"exception":"[object] (Symfony\\Component\\Console\\Exception\\RuntimeException(code: 0): The \"--columns\" option does not exist. at /Users/nattapongthip/Desktop/PUNPRO/DEV_WORK/OKR-DEV-SKLL-WEB_BENZ/ORK_Larvavel_backend/vendor/symfony/console/Input/ArgvInput.php:223)
[stacktrace]
#0 /Users/nattapongthip/Desktop/PUNPRO/DEV_WORK/OKR-DEV-SKLL-WEB_BENZ/ORK_Larvavel_backend/vendor/symfony/console/Input/ArgvInput.php(150): Symfony\\Component\\Console\\Input\\ArgvInput->addLongOption('columns', 'name,action')
#1 /Users/nattapongthip/Desktop/PUNPRO/DEV_WORK/OKR-DEV-SKLL-WEB_BENZ/ORK_Larvavel_backend/vendor/symfony/console/Input/ArgvInput.php(85): Symfony\\Component\\Console\\Input\\ArgvInput->parseLongOption('--columns=name,...')
#2 /Users/nattapongthip/Desktop/PUNPRO/DEV_WORK/OKR-DEV-SKLL-WEB_BENZ/ORK_Larvavel_backend/vendor/symfony/console/Input/ArgvInput.php(74): Symfony\\Component\\Console\\Input\\ArgvInput->parseToken('--columns=name,...', true)
#3 /Users/nattapongthip/Desktop/PUNPRO/DEV_WORK/OKR-DEV-SKLL-WEB_BENZ/ORK_Larvavel_backend/vendor/symfony/console/Input/Input.php(55): Symfony\\Component\\Console\\Input\\ArgvInput->parse()
#4 /Users/nattapongthip/Desktop/PUNPRO/DEV_WORK/OKR-DEV-SKLL-WEB_BENZ/ORK_Larvavel_backend/vendor/symfony/console/Command/Command.php(285): Symfony\\Component\\Console\\Input\\Input->bind(Object(Symfony\\Component\\Console\\Input\\InputDefinition))
#5 /Users/nattapongthip/Desktop/PUNPRO/DEV_WORK/OKR-DEV-SKLL-WEB_BENZ/ORK_Larvavel_backend/vendor/laravel/framework/src/Illuminate/Console/Command.php(180): Symfony\\Component\\Console\\Command\\Command->run(Object(Symfony\\Component\\Console\\Input\\ArgvInput), Object(Illuminate\\Console\\OutputStyle))
#6 /Users/nattapongthip/Desktop/PUNPRO/DEV_WORK/OKR-DEV-SKLL-WEB_BENZ/ORK_Larvavel_backend/vendor/symfony/console/Application.php(1081): Illuminate\\Console\\Command->run(Object(Symfony\\Component\\Console\\Input\\ArgvInput), Object(Symfony\\Component\\Console\\Output\\ConsoleOutput))
#7 /Users/nattapongthip/Desktop/PUNPRO/DEV_WORK/OKR-DEV-SKLL-WEB_BENZ/ORK_Larvavel_backend/vendor/symfony/console/Application.php(320): Symfony\\Component\\Console\\Application->doRunCommand(Object(Illuminate\\Foundation\\Console\\RouteListCommand), Object(Symfony\\Component\\Console\\Input\\ArgvInput), Object(Symfony\\Component\\Console\\Output\\ConsoleOutput))
#8 /Users/nattapongthip/Desktop/PUNPRO/DEV_WORK/OKR-DEV-SKLL-WEB_BENZ/ORK_Larvavel_backend/vendor/symfony/console/Application.php(174): Symfony\\Component\\Console\\Application->doRun(Object(Symfony\\Component\\Console\\Input\\ArgvInput), Object(Symfony\\Component\\Console\\Output\\ConsoleOutput))
#9 /Users/nattapongthip/Desktop/PUNPRO/DEV_WORK/OKR-DEV-SKLL-WEB_BENZ/ORK_Larvavel_backend/vendor/laravel/framework/src/Illuminate/Foundation/Console/Kernel.php(201): Symfony\\Component\\Console\\Application->run(Object(Symfony\\Component\\Console\\Input\\ArgvInput), Object(Symfony\\Component\\Console\\Output\\ConsoleOutput))
#10 /Users/nattapongthip/Desktop/PUNPRO/DEV_WORK/OKR-DEV-SKLL-WEB_BENZ/ORK_Larvavel_backend/artisan(35): Illuminate\\Foundation\\Console\\Kernel->handle(Object(Symfony\\Component\\Console\\Input\\ArgvInput), Object(Symfony\\Component\\Console\\Output\\ConsoleOutput))
#11 {main}
"} 
[2023-12-22 03:14:40] local.ERROR: The "--columns" option does not exist. {"exception":"[object] (Symfony\\Component\\Console\\Exception\\RuntimeException(code: 0): The \"--columns\" option does not exist. at /Users/nattapongthip/Desktop/PUNPRO/DEV_WORK/OKR-DEV-SKLL-WEB_BENZ/benz-laravel-swagger-docs-api/vendor/symfony/console/Input/ArgvInput.php:223)
[stacktrace]
#0 /Users/nattapongthip/Desktop/PUNPRO/DEV_WORK/OKR-DEV-SKLL-WEB_BENZ/benz-laravel-swagger-docs-api/vendor/symfony/console/Input/ArgvInput.php(150): Symfony\\Component\\Console\\Input\\ArgvInput->addLongOption('columns', 'name,action')
#1 /Users/nattapongthip/Desktop/PUNPRO/DEV_WORK/OKR-DEV-SKLL-WEB_BENZ/benz-laravel-swagger-docs-api/vendor/symfony/console/Input/ArgvInput.php(85): Symfony\\Component\\Console\\Input\\ArgvInput->parseLongOption('--columns=name,...')
#2 /Users/nattapongthip/Desktop/PUNPRO/DEV_WORK/OKR-DEV-SKLL-WEB_BENZ/benz-laravel-swagger-docs-api/vendor/symfony/console/Input/ArgvInput.php(74): Symfony\\Component\\Console\\Input\\ArgvInput->parseToken('--columns=name,...', true)
#3 /Users/nattapongthip/Desktop/PUNPRO/DEV_WORK/OKR-DEV-SKLL-WEB_BENZ/benz-laravel-swagger-docs-api/vendor/symfony/console/Input/Input.php(55): Symfony\\Component\\Console\\Input\\ArgvInput->parse()
#4 /Users/nattapongthip/Desktop/PUNPRO/DEV_WORK/OKR-DEV-SKLL-WEB_BENZ/benz-laravel-swagger-docs-api/vendor/symfony/console/Command/Command.php(285): Symfony\\Component\\Console\\Input\\Input->bind(Object(Symfony\\Component\\Console\\Input\\InputDefinition))
#5 /Users/nattapongthip/Desktop/PUNPRO/DEV_WORK/OKR-DEV-SKLL-WEB_BENZ/benz-laravel-swagger-docs-api/vendor/laravel/framework/src/Illuminate/Console/Command.php(180): Symfony\\Component\\Console\\Command\\Command->run(Object(Symfony\\Component\\Console\\Input\\ArgvInput), Object(Illuminate\\Console\\OutputStyle))
#6 /Users/nattapongthip/Desktop/PUNPRO/DEV_WORK/OKR-DEV-SKLL-WEB_BENZ/benz-laravel-swagger-docs-api/vendor/symfony/console/Application.php(1081): Illuminate\\Console\\Command->run(Object(Symfony\\Component\\Console\\Input\\ArgvInput), Object(Symfony\\Component\\Console\\Output\\ConsoleOutput))
#7 /Users/nattapongthip/Desktop/PUNPRO/DEV_WORK/OKR-DEV-SKLL-WEB_BENZ/benz-laravel-swagger-docs-api/vendor/symfony/console/Application.php(320): Symfony\\Component\\Console\\Application->doRunCommand(Object(Illuminate\\Foundation\\Console\\RouteListCommand), Object(Symfony\\Component\\Console\\Input\\ArgvInput), Object(Symfony\\Component\\Console\\Output\\ConsoleOutput))
#8 /Users/nattapongthip/Desktop/PUNPRO/DEV_WORK/OKR-DEV-SKLL-WEB_BENZ/benz-laravel-swagger-docs-api/vendor/symfony/console/Application.php(174): Symfony\\Component\\Console\\Application->doRun(Object(Symfony\\Component\\Console\\Input\\ArgvInput), Object(Symfony\\Component\\Console\\Output\\ConsoleOutput))
#9 /Users/nattapongthip/Desktop/PUNPRO/DEV_WORK/OKR-DEV-SKLL-WEB_BENZ/benz-laravel-swagger-docs-api/vendor/laravel/framework/src/Illuminate/Foundation/Console/Kernel.php(201): Symfony\\Component\\Console\\Application->run(Object(Symfony\\Component\\Console\\Input\\ArgvInput), Object(Symfony\\Component\\Console\\Output\\ConsoleOutput))
#10 /Users/nattapongthip/Desktop/PUNPRO/DEV_WORK/OKR-DEV-SKLL-WEB_BENZ/benz-laravel-swagger-docs-api/artisan(35): Illuminate\\Foundation\\Console\\Kernel->handle(Object(Symfony\\Component\\Console\\Input\\ArgvInput), Object(Symfony\\Component\\Console\\Output\\ConsoleOutput))
#11 {main}
"} 
[2023-12-25 08:21:49] local.ERROR: No arguments expected for "serv" command, got "8080". {"exception":"[object] (Symfony\\Component\\Console\\Exception\\RuntimeException(code: 0): No arguments expected for \"serv\" command, got \"8080\". at /Users/nattapongthip/Desktop/PUNPRO/DEV_WORK/OKR-DEV-SKLL-WEB_BENZ/benz-laravel-swagger-docs-api/vendor/symfony/console/Input/ArgvInput.php:196)
[stacktrace]
#0 /Users/nattapongthip/Desktop/PUNPRO/DEV_WORK/OKR-DEV-SKLL-WEB_BENZ/benz-laravel-swagger-docs-api/vendor/symfony/console/Input/ArgvInput.php(89): Symfony\\Component\\Console\\Input\\ArgvInput->parseArgument('8080')
#1 /Users/nattapongthip/Desktop/PUNPRO/DEV_WORK/OKR-DEV-SKLL-WEB_BENZ/benz-laravel-swagger-docs-api/vendor/symfony/console/Input/ArgvInput.php(74): Symfony\\Component\\Console\\Input\\ArgvInput->parseToken('8080', true)
#2 /Users/nattapongthip/Desktop/PUNPRO/DEV_WORK/OKR-DEV-SKLL-WEB_BENZ/benz-laravel-swagger-docs-api/vendor/symfony/console/Input/Input.php(55): Symfony\\Component\\Console\\Input\\ArgvInput->parse()
#3 /Users/nattapongthip/Desktop/PUNPRO/DEV_WORK/OKR-DEV-SKLL-WEB_BENZ/benz-laravel-swagger-docs-api/vendor/symfony/console/Command/Command.php(285): Symfony\\Component\\Console\\Input\\Input->bind(Object(Symfony\\Component\\Console\\Input\\InputDefinition))
#4 /Users/nattapongthip/Desktop/PUNPRO/DEV_WORK/OKR-DEV-SKLL-WEB_BENZ/benz-laravel-swagger-docs-api/vendor/laravel/framework/src/Illuminate/Console/Command.php(180): Symfony\\Component\\Console\\Command\\Command->run(Object(Symfony\\Component\\Console\\Input\\ArgvInput), Object(Illuminate\\Console\\OutputStyle))
#5 /Users/nattapongthip/Desktop/PUNPRO/DEV_WORK/OKR-DEV-SKLL-WEB_BENZ/benz-laravel-swagger-docs-api/vendor/symfony/console/Application.php(1081): Illuminate\\Console\\Command->run(Object(Symfony\\Component\\Console\\Input\\ArgvInput), Object(Symfony\\Component\\Console\\Output\\ConsoleOutput))
#6 /Users/nattapongthip/Desktop/PUNPRO/DEV_WORK/OKR-DEV-SKLL-WEB_BENZ/benz-laravel-swagger-docs-api/vendor/symfony/console/Application.php(320): Symfony\\Component\\Console\\Application->doRunCommand(Object(Illuminate\\Foundation\\Console\\ServeCommand), Object(Symfony\\Component\\Console\\Input\\ArgvInput), Object(Symfony\\Component\\Console\\Output\\ConsoleOutput))
#7 /Users/nattapongthip/Desktop/PUNPRO/DEV_WORK/OKR-DEV-SKLL-WEB_BENZ/benz-laravel-swagger-docs-api/vendor/symfony/console/Application.php(174): Symfony\\Component\\Console\\Application->doRun(Object(Symfony\\Component\\Console\\Input\\ArgvInput), Object(Symfony\\Component\\Console\\Output\\ConsoleOutput))
#8 /Users/nattapongthip/Desktop/PUNPRO/DEV_WORK/OKR-DEV-SKLL-WEB_BENZ/benz-laravel-swagger-docs-api/vendor/laravel/framework/src/Illuminate/Foundation/Console/Kernel.php(201): Symfony\\Component\\Console\\Application->run(Object(Symfony\\Component\\Console\\Input\\ArgvInput), Object(Symfony\\Component\\Console\\Output\\ConsoleOutput))
#9 /Users/nattapongthip/Desktop/PUNPRO/DEV_WORK/OKR-DEV-SKLL-WEB_BENZ/benz-laravel-swagger-docs-api/artisan(35): Illuminate\\Foundation\\Console\\Kernel->handle(Object(Symfony\\Component\\Console\\Input\\ArgvInput), Object(Symfony\\Component\\Console\\Output\\ConsoleOutput))
#10 {main}
"} 
[2023-12-25 08:23:49] local.ERROR: The "--columns" option does not exist. {"exception":"[object] (Symfony\\Component\\Console\\Exception\\RuntimeException(code: 0): The \"--columns\" option does not exist. at /Users/nattapongthip/Desktop/PUNPRO/DEV_WORK/OKR-DEV-SKLL-WEB_BENZ/benz-laravel-swagger-docs-api/vendor/symfony/console/Input/ArgvInput.php:223)
[stacktrace]
#0 /Users/nattapongthip/Desktop/PUNPRO/DEV_WORK/OKR-DEV-SKLL-WEB_BENZ/benz-laravel-swagger-docs-api/vendor/symfony/console/Input/ArgvInput.php(150): Symfony\\Component\\Console\\Input\\ArgvInput->addLongOption('columns', 'name,action')
#1 /Users/nattapongthip/Desktop/PUNPRO/DEV_WORK/OKR-DEV-SKLL-WEB_BENZ/benz-laravel-swagger-docs-api/vendor/symfony/console/Input/ArgvInput.php(85): Symfony\\Component\\Console\\Input\\ArgvInput->parseLongOption('--columns=name,...')
#2 /Users/nattapongthip/Desktop/PUNPRO/DEV_WORK/OKR-DEV-SKLL-WEB_BENZ/benz-laravel-swagger-docs-api/vendor/symfony/console/Input/ArgvInput.php(74): Symfony\\Component\\Console\\Input\\ArgvInput->parseToken('--columns=name,...', true)
#3 /Users/nattapongthip/Desktop/PUNPRO/DEV_WORK/OKR-DEV-SKLL-WEB_BENZ/benz-laravel-swagger-docs-api/vendor/symfony/console/Input/Input.php(55): Symfony\\Component\\Console\\Input\\ArgvInput->parse()
#4 /Users/nattapongthip/Desktop/PUNPRO/DEV_WORK/OKR-DEV-SKLL-WEB_BENZ/benz-laravel-swagger-docs-api/vendor/symfony/console/Command/Command.php(285): Symfony\\Component\\Console\\Input\\Input->bind(Object(Symfony\\Component\\Console\\Input\\InputDefinition))
#5 /Users/nattapongthip/Desktop/PUNPRO/DEV_WORK/OKR-DEV-SKLL-WEB_BENZ/benz-laravel-swagger-docs-api/vendor/laravel/framework/src/Illuminate/Console/Command.php(180): Symfony\\Component\\Console\\Command\\Command->run(Object(Symfony\\Component\\Console\\Input\\ArgvInput), Object(Illuminate\\Console\\OutputStyle))
#6 /Users/nattapongthip/Desktop/PUNPRO/DEV_WORK/OKR-DEV-SKLL-WEB_BENZ/benz-laravel-swagger-docs-api/vendor/symfony/console/Application.php(1081): Illuminate\\Console\\Command->run(Object(Symfony\\Component\\Console\\Input\\ArgvInput), Object(Symfony\\Component\\Console\\Output\\ConsoleOutput))
#7 /Users/nattapongthip/Desktop/PUNPRO/DEV_WORK/OKR-DEV-SKLL-WEB_BENZ/benz-laravel-swagger-docs-api/vendor/symfony/console/Application.php(320): Symfony\\Component\\Console\\Application->doRunCommand(Object(Illuminate\\Foundation\\Console\\RouteListCommand), Object(Symfony\\Component\\Console\\Input\\ArgvInput), Object(Symfony\\Component\\Console\\Output\\ConsoleOutput))
#8 /Users/nattapongthip/Desktop/PUNPRO/DEV_WORK/OKR-DEV-SKLL-WEB_BENZ/benz-laravel-swagger-docs-api/vendor/symfony/console/Application.php(174): Symfony\\Component\\Console\\Application->doRun(Object(Symfony\\Component\\Console\\Input\\ArgvInput), Object(Symfony\\Component\\Console\\Output\\ConsoleOutput))
#9 /Users/nattapongthip/Desktop/PUNPRO/DEV_WORK/OKR-DEV-SKLL-WEB_BENZ/benz-laravel-swagger-docs-api/vendor/laravel/framework/src/Illuminate/Foundation/Console/Kernel.php(201): Symfony\\Component\\Console\\Application->run(Object(Symfony\\Component\\Console\\Input\\ArgvInput), Object(Symfony\\Component\\Console\\Output\\ConsoleOutput))
#10 /Users/nattapongthip/Desktop/PUNPRO/DEV_WORK/OKR-DEV-SKLL-WEB_BENZ/benz-laravel-swagger-docs-api/artisan(35): Illuminate\\Foundation\\Console\\Kernel->handle(Object(Symfony\\Component\\Console\\Input\\ArgvInput), Object(Symfony\\Component\\Console\\Output\\ConsoleOutput))
#11 {main}
"} 
[2023-12-25 09:16:46] local.ERROR: There are no commands defined in the "clean" namespace. {"exception":"[object] (Symfony\\Component\\Console\\Exception\\NamespaceNotFoundException(code: 0): There are no commands defined in the \"clean\" namespace. at /Users/nattapongthip/Desktop/PUNPRO/DEV_WORK/OKR-DEV-SKLL-WEB_BENZ/benz-laravel-swagger-docs-api/vendor/symfony/console/Application.php:657)
[stacktrace]
#0 /Users/nattapongthip/Desktop/PUNPRO/DEV_WORK/OKR-DEV-SKLL-WEB_BENZ/benz-laravel-swagger-docs-api/vendor/symfony/console/Application.php(708): Symfony\\Component\\Console\\Application->findNamespace('clean')
#1 /Users/nattapongthip/Desktop/PUNPRO/DEV_WORK/OKR-DEV-SKLL-WEB_BENZ/benz-laravel-swagger-docs-api/vendor/symfony/console/Application.php(262): Symfony\\Component\\Console\\Application->find('clean:cas')
#2 /Users/nattapongthip/Desktop/PUNPRO/DEV_WORK/OKR-DEV-SKLL-WEB_BENZ/benz-laravel-swagger-docs-api/vendor/symfony/console/Application.php(174): Symfony\\Component\\Console\\Application->doRun(Object(Symfony\\Component\\Console\\Input\\ArgvInput), Object(Symfony\\Component\\Console\\Output\\ConsoleOutput))
#3 /Users/nattapongthip/Desktop/PUNPRO/DEV_WORK/OKR-DEV-SKLL-WEB_BENZ/benz-laravel-swagger-docs-api/vendor/laravel/framework/src/Illuminate/Foundation/Console/Kernel.php(201): Symfony\\Component\\Console\\Application->run(Object(Symfony\\Component\\Console\\Input\\ArgvInput), Object(Symfony\\Component\\Console\\Output\\ConsoleOutput))
#4 /Users/nattapongthip/Desktop/PUNPRO/DEV_WORK/OKR-DEV-SKLL-WEB_BENZ/benz-laravel-swagger-docs-api/artisan(35): Illuminate\\Foundation\\Console\\Kernel->handle(Object(Symfony\\Component\\Console\\Input\\ArgvInput), Object(Symfony\\Component\\Console\\Output\\ConsoleOutput))
#5 {main}
"} 
[2023-12-25 09:16:52] local.ERROR: There are no commands defined in the "clear" namespace. {"exception":"[object] (Symfony\\Component\\Console\\Exception\\NamespaceNotFoundException(code: 0): There are no commands defined in the \"clear\" namespace. at /Users/nattapongthip/Desktop/PUNPRO/DEV_WORK/OKR-DEV-SKLL-WEB_BENZ/benz-laravel-swagger-docs-api/vendor/symfony/console/Application.php:657)
[stacktrace]
#0 /Users/nattapongthip/Desktop/PUNPRO/DEV_WORK/OKR-DEV-SKLL-WEB_BENZ/benz-laravel-swagger-docs-api/vendor/symfony/console/Application.php(708): Symfony\\Component\\Console\\Application->findNamespace('clear')
#1 /Users/nattapongthip/Desktop/PUNPRO/DEV_WORK/OKR-DEV-SKLL-WEB_BENZ/benz-laravel-swagger-docs-api/vendor/symfony/console/Application.php(262): Symfony\\Component\\Console\\Application->find('clear:cas')
#2 /Users/nattapongthip/Desktop/PUNPRO/DEV_WORK/OKR-DEV-SKLL-WEB_BENZ/benz-laravel-swagger-docs-api/vendor/symfony/console/Application.php(174): Symfony\\Component\\Console\\Application->doRun(Object(Symfony\\Component\\Console\\Input\\ArgvInput), Object(Symfony\\Component\\Console\\Output\\ConsoleOutput))
#3 /Users/nattapongthip/Desktop/PUNPRO/DEV_WORK/OKR-DEV-SKLL-WEB_BENZ/benz-laravel-swagger-docs-api/vendor/laravel/framework/src/Illuminate/Foundation/Console/Kernel.php(201): Symfony\\Component\\Console\\Application->run(Object(Symfony\\Component\\Console\\Input\\ArgvInput), Object(Symfony\\Component\\Console\\Output\\ConsoleOutput))
#4 /Users/nattapongthip/Desktop/PUNPRO/DEV_WORK/OKR-DEV-SKLL-WEB_BENZ/benz-laravel-swagger-docs-api/artisan(35): Illuminate\\Foundation\\Console\\Kernel->handle(Object(Symfony\\Component\\Console\\Input\\ArgvInput), Object(Symfony\\Component\\Console\\Output\\ConsoleOutput))
#5 {main}
"} 
[2023-12-25 09:16:59] local.ERROR: There are no commands defined in the "cashe" namespace.

Did you mean this?
    cache {"exception":"[object] (Symfony\\Component\\Console\\Exception\\NamespaceNotFoundException(code: 0): There are no commands defined in the \"cashe\" namespace.

Did you mean this?
    cache at /Users/nattapongthip/Desktop/PUNPRO/DEV_WORK/OKR-DEV-SKLL-WEB_BENZ/benz-laravel-swagger-docs-api/vendor/symfony/console/Application.php:657)
[stacktrace]
#0 /Users/nattapongthip/Desktop/PUNPRO/DEV_WORK/OKR-DEV-SKLL-WEB_BENZ/benz-laravel-swagger-docs-api/vendor/symfony/console/Application.php(708): Symfony\\Component\\Console\\Application->findNamespace('cashe')
#1 /Users/nattapongthip/Desktop/PUNPRO/DEV_WORK/OKR-DEV-SKLL-WEB_BENZ/benz-laravel-swagger-docs-api/vendor/symfony/console/Application.php(262): Symfony\\Component\\Console\\Application->find('cashe:clear')
#2 /Users/nattapongthip/Desktop/PUNPRO/DEV_WORK/OKR-DEV-SKLL-WEB_BENZ/benz-laravel-swagger-docs-api/vendor/symfony/console/Application.php(174): Symfony\\Component\\Console\\Application->doRun(Object(Symfony\\Component\\Console\\Input\\ArgvInput), Object(Symfony\\Component\\Console\\Output\\ConsoleOutput))
#3 /Users/nattapongthip/Desktop/PUNPRO/DEV_WORK/OKR-DEV-SKLL-WEB_BENZ/benz-laravel-swagger-docs-api/vendor/laravel/framework/src/Illuminate/Foundation/Console/Kernel.php(201): Symfony\\Component\\Console\\Application->run(Object(Symfony\\Component\\Console\\Input\\ArgvInput), Object(Symfony\\Component\\Console\\Output\\ConsoleOutput))
#4 /Users/nattapongthip/Desktop/PUNPRO/DEV_WORK/OKR-DEV-SKLL-WEB_BENZ/benz-laravel-swagger-docs-api/artisan(35): Illuminate\\Foundation\\Console\\Kernel->handle(Object(Symfony\\Component\\Console\\Input\\ArgvInput), Object(Symfony\\Component\\Console\\Output\\ConsoleOutput))
#5 {main}
"} 
[2023-12-25 09:34:48] local.ERROR: SQLSTATE[HY000] [1044] Access denied for user 'sail'@'%' to database 'db_ork_swagger_docs' (Connection: mysql, SQL: select * from information_schema.tables where table_schema = db_ork_swagger_docs and table_name = migrations and table_type = 'BASE TABLE') {"exception":"[object] (Illuminate\\Database\\QueryException(code: 1044): SQLSTATE[HY000] [1044] Access denied for user 'sail'@'%' to database 'db_ork_swagger_docs' (Connection: mysql, SQL: select * from information_schema.tables where table_schema = db_ork_swagger_docs and table_name = migrations and table_type = 'BASE TABLE') at /var/www/html/vendor/laravel/framework/src/Illuminate/Database/Connection.php:801)
[stacktrace]
#0 /var/www/html/vendor/laravel/framework/src/Illuminate/Database/Connection.php(755): Illuminate\\Database\\Connection->runQueryCallback()
#1 /var/www/html/vendor/laravel/framework/src/Illuminate/Database/Connection.php(407): Illuminate\\Database\\Connection->run()
#2 /var/www/html/vendor/laravel/framework/src/Illuminate/Database/Connection.php(394): Illuminate\\Database\\Connection->select()
#3 /var/www/html/vendor/laravel/framework/src/Illuminate/Database/Schema/MySqlBuilder.php(43): Illuminate\\Database\\Connection->selectFromWriteConnection()
#4 /var/www/html/vendor/laravel/framework/src/Illuminate/Database/Migrations/DatabaseMigrationRepository.php(184): Illuminate\\Database\\Schema\\MySqlBuilder->hasTable()
#5 /var/www/html/vendor/laravel/framework/src/Illuminate/Database/Migrations/Migrator.php(700): Illuminate\\Database\\Migrations\\DatabaseMigrationRepository->repositoryExists()
#6 /var/www/html/vendor/laravel/framework/src/Illuminate/Database/Console/Migrations/MigrateCommand.php(140): Illuminate\\Database\\Migrations\\Migrator->repositoryExists()
#7 /var/www/html/vendor/laravel/framework/src/Illuminate/Support/helpers.php(248): Illuminate\\Database\\Console\\Migrations\\MigrateCommand->Illuminate\\Database\\Console\\Migrations\\{closure}()
#8 /var/www/html/vendor/laravel/framework/src/Illuminate/Database/Console/Migrations/MigrateCommand.php(140): retry()
#9 /var/www/html/vendor/laravel/framework/src/Illuminate/Database/Console/Migrations/MigrateCommand.php(116): Illuminate\\Database\\Console\\Migrations\\MigrateCommand->repositoryExists()
#10 /var/www/html/vendor/laravel/framework/src/Illuminate/Database/Console/Migrations/MigrateCommand.php(84): Illuminate\\Database\\Console\\Migrations\\MigrateCommand->prepareDatabase()
#11 /var/www/html/vendor/laravel/framework/src/Illuminate/Database/Migrations/Migrator.php(633): Illuminate\\Database\\Console\\Migrations\\MigrateCommand->Illuminate\\Database\\Console\\Migrations\\{closure}()
#12 /var/www/html/vendor/laravel/framework/src/Illuminate/Database/Console/Migrations/MigrateCommand.php(83): Illuminate\\Database\\Migrations\\Migrator->usingConnection()
#13 /var/www/html/vendor/laravel/framework/src/Illuminate/Container/BoundMethod.php(36): Illuminate\\Database\\Console\\Migrations\\MigrateCommand->handle()
#14 /var/www/html/vendor/laravel/framework/src/Illuminate/Container/Util.php(41): Illuminate\\Container\\BoundMethod::Illuminate\\Container\\{closure}()
#15 /var/www/html/vendor/laravel/framework/src/Illuminate/Container/BoundMethod.php(93): Illuminate\\Container\\Util::unwrapIfClosure()
#16 /var/www/html/vendor/laravel/framework/src/Illuminate/Container/BoundMethod.php(35): Illuminate\\Container\\BoundMethod::callBoundMethod()
#17 /var/www/html/vendor/laravel/framework/src/Illuminate/Container/Container.php(662): Illuminate\\Container\\BoundMethod::call()
#18 /var/www/html/vendor/laravel/framework/src/Illuminate/Console/Command.php(211): Illuminate\\Container\\Container->call()
#19 /var/www/html/vendor/symfony/console/Command/Command.php(326): Illuminate\\Console\\Command->execute()
#20 /var/www/html/vendor/laravel/framework/src/Illuminate/Console/Command.php(180): Symfony\\Component\\Console\\Command\\Command->run()
#21 /var/www/html/vendor/symfony/console/Application.php(1081): Illuminate\\Console\\Command->run()
#22 /var/www/html/vendor/symfony/console/Application.php(320): Symfony\\Component\\Console\\Application->doRunCommand()
#23 /var/www/html/vendor/symfony/console/Application.php(174): Symfony\\Component\\Console\\Application->doRun()
#24 /var/www/html/vendor/laravel/framework/src/Illuminate/Foundation/Console/Kernel.php(201): Symfony\\Component\\Console\\Application->run()
#25 /var/www/html/artisan(35): Illuminate\\Foundation\\Console\\Kernel->handle()
#26 {main}

[previous exception] [object] (PDOException(code: 1044): SQLSTATE[HY000] [1044] Access denied for user 'sail'@'%' to database 'db_ork_swagger_docs' at /var/www/html/vendor/laravel/framework/src/Illuminate/Database/Connectors/Connector.php:65)
[stacktrace]
#0 /var/www/html/vendor/laravel/framework/src/Illuminate/Database/Connectors/Connector.php(65): PDO->__construct()
#1 /var/www/html/vendor/laravel/framework/src/Illuminate/Database/Connectors/Connector.php(44): Illuminate\\Database\\Connectors\\Connector->createPdoConnection()
#2 /var/www/html/vendor/laravel/framework/src/Illuminate/Database/Connectors/MySqlConnector.php(24): Illuminate\\Database\\Connectors\\Connector->createConnection()
#3 /var/www/html/vendor/laravel/framework/src/Illuminate/Database/Connectors/ConnectionFactory.php(184): Illuminate\\Database\\Connectors\\MySqlConnector->connect()
#4 [internal function]: Illuminate\\Database\\Connectors\\ConnectionFactory->Illuminate\\Database\\Connectors\\{closure}()
#5 /var/www/html/vendor/laravel/framework/src/Illuminate/Database/Connection.php(1292): call_user_func()
#6 /var/www/html/vendor/laravel/framework/src/Illuminate/Database/Connection.php(521): Illuminate\\Database\\Connection->getPdo()
#7 /var/www/html/vendor/laravel/framework/src/Illuminate/Database/Connection.php(416): Illuminate\\Database\\Connection->getPdoForSelect()
#8 /var/www/html/vendor/laravel/framework/src/Illuminate/Database/Connection.php(788): Illuminate\\Database\\Connection->Illuminate\\Database\\{closure}()
#9 /var/www/html/vendor/laravel/framework/src/Illuminate/Database/Connection.php(755): Illuminate\\Database\\Connection->runQueryCallback()
#10 /var/www/html/vendor/laravel/framework/src/Illuminate/Database/Connection.php(407): Illuminate\\Database\\Connection->run()
#11 /var/www/html/vendor/laravel/framework/src/Illuminate/Database/Connection.php(394): Illuminate\\Database\\Connection->select()
#12 /var/www/html/vendor/laravel/framework/src/Illuminate/Database/Schema/MySqlBuilder.php(43): Illuminate\\Database\\Connection->selectFromWriteConnection()
#13 /var/www/html/vendor/laravel/framework/src/Illuminate/Database/Migrations/DatabaseMigrationRepository.php(184): Illuminate\\Database\\Schema\\MySqlBuilder->hasTable()
#14 /var/www/html/vendor/laravel/framework/src/Illuminate/Database/Migrations/Migrator.php(700): Illuminate\\Database\\Migrations\\DatabaseMigrationRepository->repositoryExists()
#15 /var/www/html/vendor/laravel/framework/src/Illuminate/Database/Console/Migrations/MigrateCommand.php(140): Illuminate\\Database\\Migrations\\Migrator->repositoryExists()
#16 /var/www/html/vendor/laravel/framework/src/Illuminate/Support/helpers.php(248): Illuminate\\Database\\Console\\Migrations\\MigrateCommand->Illuminate\\Database\\Console\\Migrations\\{closure}()
#17 /var/www/html/vendor/laravel/framework/src/Illuminate/Database/Console/Migrations/MigrateCommand.php(140): retry()
#18 /var/www/html/vendor/laravel/framework/src/Illuminate/Database/Console/Migrations/MigrateCommand.php(116): Illuminate\\Database\\Console\\Migrations\\MigrateCommand->repositoryExists()
#19 /var/www/html/vendor/laravel/framework/src/Illuminate/Database/Console/Migrations/MigrateCommand.php(84): Illuminate\\Database\\Console\\Migrations\\MigrateCommand->prepareDatabase()
#20 /var/www/html/vendor/laravel/framework/src/Illuminate/Database/Migrations/Migrator.php(633): Illuminate\\Database\\Console\\Migrations\\MigrateCommand->Illuminate\\Database\\Console\\Migrations\\{closure}()
#21 /var/www/html/vendor/laravel/framework/src/Illuminate/Database/Console/Migrations/MigrateCommand.php(83): Illuminate\\Database\\Migrations\\Migrator->usingConnection()
#22 /var/www/html/vendor/laravel/framework/src/Illuminate/Container/BoundMethod.php(36): Illuminate\\Database\\Console\\Migrations\\MigrateCommand->handle()
#23 /var/www/html/vendor/laravel/framework/src/Illuminate/Container/Util.php(41): Illuminate\\Container\\BoundMethod::Illuminate\\Container\\{closure}()
#24 /var/www/html/vendor/laravel/framework/src/Illuminate/Container/BoundMethod.php(93): Illuminate\\Container\\Util::unwrapIfClosure()
#25 /var/www/html/vendor/laravel/framework/src/Illuminate/Container/BoundMethod.php(35): Illuminate\\Container\\BoundMethod::callBoundMethod()
#26 /var/www/html/vendor/laravel/framework/src/Illuminate/Container/Container.php(662): Illuminate\\Container\\BoundMethod::call()
#27 /var/www/html/vendor/laravel/framework/src/Illuminate/Console/Command.php(211): Illuminate\\Container\\Container->call()
#28 /var/www/html/vendor/symfony/console/Command/Command.php(326): Illuminate\\Console\\Command->execute()
#29 /var/www/html/vendor/laravel/framework/src/Illuminate/Console/Command.php(180): Symfony\\Component\\Console\\Command\\Command->run()
#30 /var/www/html/vendor/symfony/console/Application.php(1081): Illuminate\\Console\\Command->run()
#31 /var/www/html/vendor/symfony/console/Application.php(320): Symfony\\Component\\Console\\Application->doRunCommand()
#32 /var/www/html/vendor/symfony/console/Application.php(174): Symfony\\Component\\Console\\Application->doRun()
#33 /var/www/html/vendor/laravel/framework/src/Illuminate/Foundation/Console/Kernel.php(201): Symfony\\Component\\Console\\Application->run()
#34 /var/www/html/artisan(35): Illuminate\\Foundation\\Console\\Kernel->handle()
#35 {main}
"} 
[2023-12-26 07:27:28] local.ERROR: Uncaught PDOException: PDO::__construct(): php_network_getaddresses: getaddrinfo for mysql failed: nodename nor servname provided, or not known in /Users/nattapongthip/Desktop/PUNPRO/DEV_WORK/OKR-DEV-SKLL-WEB_BENZ/benz-laravel-swagger-docs-api/vendor/laravel/framework/src/Illuminate/Database/Connectors/Connector.php:65
Stack trace:
#0 /Users/nattapongthip/Desktop/PUNPRO/DEV_WORK/OKR-DEV-SKLL-WEB_BENZ/benz-laravel-swagger-docs-api/vendor/laravel/framework/src/Illuminate/Database/Connectors/Connector.php(65): PDO->__construct('mysql:host=mysq...', 'sail', Object(SensitiveParameterValue), Array)
#1 /Users/nattapongthip/Desktop/PUNPRO/DEV_WORK/OKR-DEV-SKLL-WEB_BENZ/benz-laravel-swagger-docs-api/vendor/laravel/framework/src/Illuminate/Database/Connectors/Connector.php(83): Illuminate\Database\Connectors\Connector->createPdoConnection('mysql:host=mysq...', 'sail', 'password', Array)
#2 /Users/nattapongthip/Desktop/PUNPRO/DEV_WORK/OKR-DEV-SKLL-WEB_BENZ/benz-laravel-swagger-docs-api/vendor/laravel/framework/src/Illuminate/Database/Connectors/Connector.php(48): Illuminate\Database\Connectors\Connector->tryAgainIfCausedByLostConnection(Object(PDOException), 'mysql:host=mysq...', 'sail', 'password', Array)
#3 /Users/nattapongthip/Desktop/PUNPRO/DEV_WORK/OKR-DEV-SKLL-WEB_BENZ/benz-laravel-swagger-docs-api/vendor/laravel/framework/src/Illuminate/Database/Connectors/MySqlConnector.php(24): Illuminate\Database\Connectors\Connector->createConnection('mysql:host=mysq...', Array, Array)
#4 /Users/nattapongthip/Desktop/PUNPRO/DEV_WORK/OKR-DEV-SKLL-WEB_BENZ/benz-laravel-swagger-docs-api/vendor/laravel/framework/src/Illuminate/Database/Connectors/ConnectionFactory.php(184): Illuminate\Database\Connectors\MySqlConnector->connect(Array)
#5 [internal function]: Illuminate\Database\Connectors\ConnectionFactory->Illuminate\Database\Connectors\{closure}()
#6 /Users/nattapongthip/Desktop/PUNPRO/DEV_WORK/OKR-DEV-SKLL-WEB_BENZ/benz-laravel-swagger-docs-api/vendor/laravel/framework/src/Illuminate/Database/Connection.php(1292): call_user_func(Object(Closure))
#7 /Users/nattapongthip/Desktop/PUNPRO/DEV_WORK/OKR-DEV-SKLL-WEB_BENZ/benz-laravel-swagger-docs-api/vendor/laravel/framework/src/Illuminate/Database/Connection.php(1328): Illuminate\Database\Connection->getPdo()
#8 /Users/nattapongthip/Desktop/PUNPRO/DEV_WORK/OKR-DEV-SKLL-WEB_BENZ/benz-laravel-swagger-docs-api/vendor/laravel/framework/src/Illuminate/Database/Connection.php(521): Illuminate\Database\Connection->getReadPdo()
#9 /Users/nattapongthip/Desktop/PUNPRO/DEV_WORK/OKR-DEV-SKLL-WEB_BENZ/benz-laravel-swagger-docs-api/vendor/laravel/framework/src/Illuminate/Database/Connection.php(416): Illuminate\Database\Connection->getPdoForSelect(true)
#10 /Users/nattapongthip/Desktop/PUNPRO/DEV_WORK/OKR-DEV-SKLL-WEB_BENZ/benz-laravel-swagger-docs-api/vendor/laravel/framework/src/Illuminate/Database/Connection.php(788): Illuminate\Database\Connection->Illuminate\Database\{closure}('select * from `...', Array)
#11 /Users/nattapongthip/Desktop/PUNPRO/DEV_WORK/OKR-DEV-SKLL-WEB_BENZ/benz-laravel-swagger-docs-api/vendor/laravel/framework/src/Illuminate/Database/Connection.php(951): Illuminate\Database\Connection->runQueryCallback('select * from `...', Array, Object(Closure))
#12 /Users/nattapongthip/Desktop/PUNPRO/DEV_WORK/OKR-DEV-SKLL-WEB_BENZ/benz-laravel-swagger-docs-api/vendor/laravel/framework/src/Illuminate/Database/Connection.php(930): Illuminate\Database\Connection->tryAgainIfCausedByLostConnection(Object(Illuminate\Database\QueryException), 'select * from `...', Array, Object(Closure))
#13 /Users/nattapongthip/Desktop/PUNPRO/DEV_WORK/OKR-DEV-SKLL-WEB_BENZ/benz-laravel-swagger-docs-api/vendor/laravel/framework/src/Illuminate/Database/Connection.php(757): Illuminate\Database\Connection->handleQueryException(Object(Illuminate\Database\QueryException), 'select * from `...', Array, Object(Closure))
#14 /Users/nattapongthip/Desktop/PUNPRO/DEV_WORK/OKR-DEV-SKLL-WEB_BENZ/benz-laravel-swagger-docs-api/vendor/laravel/framework/src/Illuminate/Database/Connection.php(407): Illuminate\Database\Connection->run('select * from `...', Array, Object(Closure))
#15 /Users/nattapongthip/Desktop/PUNPRO/DEV_WORK/OKR-DEV-SKLL-WEB_BENZ/benz-laravel-swagger-docs-api/vendor/laravel/framework/src/Illuminate/Database/Query/Builder.php(2751): Illuminate\Database\Connection->select('select * from `...', Array, true)
#16 /Users/nattapongthip/Desktop/PUNPRO/DEV_WORK/OKR-DEV-SKLL-WEB_BENZ/benz-laravel-swagger-docs-api/vendor/laravel/framework/src/Illuminate/Database/Query/Builder.php(2740): Illuminate\Database\Query\Builder->runSelect()
#17 /Users/nattapongthip/Desktop/PUNPRO/DEV_WORK/OKR-DEV-SKLL-WEB_BENZ/benz-laravel-swagger-docs-api/vendor/laravel/framework/src/Illuminate/Database/Query/Builder.php(3294): Illuminate\Database\Query\Builder->Illuminate\Database\Query\{closure}()
#18 /Users/nattapongthip/Desktop/PUNPRO/DEV_WORK/OKR-DEV-SKLL-WEB_BENZ/benz-laravel-swagger-docs-api/vendor/laravel/framework/src/Illuminate/Database/Query/Builder.php(2739): Illuminate\Database\Query\Builder->onceWithColumns(Array, Object(Closure))
#19 /Users/nattapongthip/Desktop/PUNPRO/DEV_WORK/OKR-DEV-SKLL-WEB_BENZ/benz-laravel-swagger-docs-api/vendor/laravel/framework/src/Illuminate/Database/Eloquent/Builder.php(735): Illuminate\Database\Query\Builder->get(Array)
#20 /Users/nattapongthip/Desktop/PUNPRO/DEV_WORK/OKR-DEV-SKLL-WEB_BENZ/benz-laravel-swagger-docs-api/vendor/laravel/framework/src/Illuminate/Database/Eloquent/Builder.php(719): Illuminate\Database\Eloquent\Builder->getModels(Array)
#21 /Users/nattapongthip/Desktop/PUNPRO/DEV_WORK/OKR-DEV-SKLL-WEB_BENZ/benz-laravel-swagger-docs-api/vendor/laravel/framework/src/Illuminate/Database/Concerns/BuildsQueries.php(300): Illuminate\Database\Eloquent\Builder->get(Array)
#22 /Users/nattapongthip/Desktop/PUNPRO/DEV_WORK/OKR-DEV-SKLL-WEB_BENZ/benz-laravel-swagger-docs-api/vendor/laravel/framework/src/Illuminate/Support/Traits/ForwardsCalls.php(23): Illuminate\Database\Eloquent\Builder->first()
#23 /Users/nattapongthip/Desktop/PUNPRO/DEV_WORK/OKR-DEV-SKLL-WEB_BENZ/benz-laravel-swagger-docs-api/vendor/laravel/framework/src/Illuminate/Database/Eloquent/Model.php(2333): Illuminate\Database\Eloquent\Model->forwardCallTo(Object(Illuminate\Database\Eloquent\Builder), 'first', Array)
#24 /Users/nattapongthip/Desktop/PUNPRO/DEV_WORK/OKR-DEV-SKLL-WEB_BENZ/benz-laravel-swagger-docs-api/vendor/laravel/framework/src/Illuminate/Database/Eloquent/Model.php(2345): Illuminate\Database\Eloquent\Model->__call('first', Array)
#25 Command line code(1): Illuminate\Database\Eloquent\Model::__callStatic('first', Array)
#26 {main}

Next PDOException: SQLSTATE[HY000] [2002] php_network_getaddresses: getaddrinfo for mysql failed: nodename nor servname provided, or not known in /Users/nattapongthip/Desktop/PUNPRO/DEV_WORK/OKR-DEV-SKLL-WEB_BENZ/benz-laravel-swagger-docs-api/vendor/laravel/framework/src/Illuminate/Database/Connectors/Connector.php:65
Stack trace:
#0 /Users/nattapongthip/Desktop/PUNPRO/DEV_WORK/OKR-DEV-SKLL-WEB_BENZ/benz-laravel-swagger-docs-api/vendor/laravel/framework/src/Illuminate/Database/Connectors/Connector.php(65): PDO->__construct('mysql:host=mysq...', 'sail', Object(SensitiveParameterValue), Array)
#1 /Users/nattapongthip/Desktop/PUNPRO/DEV_WORK/OKR-DEV-SKLL-WEB_BENZ/benz-laravel-swagger-docs-api/vendor/laravel/framework/src/Illuminate/Database/Connectors/Connector.php(83): Illuminate\Database\Connectors\Connector->createPdoConnection('mysql:host=mysq...', 'sail', 'password', Array)
#2 /Users/nattapongthip/Desktop/PUNPRO/DEV_WORK/OKR-DEV-SKLL-WEB_BENZ/benz-laravel-swagger-docs-api/vendor/laravel/framework/src/Illuminate/Database/Connectors/Connector.php(48): Illuminate\Database\Connectors\Connector->tryAgainIfCausedByLostConnection(Object(PDOException), 'mysql:host=mysq...', 'sail', 'password', Array)
#3 /Users/nattapongthip/Desktop/PUNPRO/DEV_WORK/OKR-DEV-SKLL-WEB_BENZ/benz-laravel-swagger-docs-api/vendor/laravel/framework/src/Illuminate/Database/Connectors/MySqlConnector.php(24): Illuminate\Database\Connectors\Connector->createConnection('mysql:host=mysq...', Array, Array)
#4 /Users/nattapongthip/Desktop/PUNPRO/DEV_WORK/OKR-DEV-SKLL-WEB_BENZ/benz-laravel-swagger-docs-api/vendor/laravel/framework/src/Illuminate/Database/Connectors/ConnectionFactory.php(184): Illuminate\Database\Connectors\MySqlConnector->connect(Array)
#5 [internal function]: Illuminate\Database\Connectors\ConnectionFactory->Illuminate\Database\Connectors\{closure}()
#6 /Users/nattapongthip/Desktop/PUNPRO/DEV_WORK/OKR-DEV-SKLL-WEB_BENZ/benz-laravel-swagger-docs-api/vendor/laravel/framework/src/Illuminate/Database/Connection.php(1292): call_user_func(Object(Closure))
#7 /Users/nattapongthip/Desktop/PUNPRO/DEV_WORK/OKR-DEV-SKLL-WEB_BENZ/benz-laravel-swagger-docs-api/vendor/laravel/framework/src/Illuminate/Database/Connection.php(1328): Illuminate\Database\Connection->getPdo()
#8 /Users/nattapongthip/Desktop/PUNPRO/DEV_WORK/OKR-DEV-SKLL-WEB_BENZ/benz-laravel-swagger-docs-api/vendor/laravel/framework/src/Illuminate/Database/Connection.php(521): Illuminate\Database\Connection->getReadPdo()
#9 /Users/nattapongthip/Desktop/PUNPRO/DEV_WORK/OKR-DEV-SKLL-WEB_BENZ/benz-laravel-swagger-docs-api/vendor/laravel/framework/src/Illuminate/Database/Connection.php(416): Illuminate\Database\Connection->getPdoForSelect(true)
#10 /Users/nattapongthip/Desktop/PUNPRO/DEV_WORK/OKR-DEV-SKLL-WEB_BENZ/benz-laravel-swagger-docs-api/vendor/laravel/framework/src/Illuminate/Database/Connection.php(788): Illuminate\Database\Connection->Illuminate\Database\{closure}('select * from `...', Array)
#11 /Users/nattapongthip/Desktop/PUNPRO/DEV_WORK/OKR-DEV-SKLL-WEB_BENZ/benz-laravel-swagger-docs-api/vendor/laravel/framework/src/Illuminate/Database/Connection.php(951): Illuminate\Database\Connection->runQueryCallback('select * from `...', Array, Object(Closure))
#12 /Users/nattapongthip/Desktop/PUNPRO/DEV_WORK/OKR-DEV-SKLL-WEB_BENZ/benz-laravel-swagger-docs-api/vendor/laravel/framework/src/Illuminate/Database/Connection.php(930): Illuminate\Database\Connection->tryAgainIfCausedByLostConnection(Object(Illuminate\Database\QueryException), 'select * from `...', Array, Object(Closure))
#13 /Users/nattapongthip/Desktop/PUNPRO/DEV_WORK/OKR-DEV-SKLL-WEB_BENZ/benz-laravel-swagger-docs-api/vendor/laravel/framework/src/Illuminate/Database/Connection.php(757): Illuminate\Database\Connection->handleQueryException(Object(Illuminate\Database\QueryException), 'select * from `...', Array, Object(Closure))
#14 /Users/nattapongthip/Desktop/PUNPRO/DEV_WORK/OKR-DEV-SKLL-WEB_BENZ/benz-laravel-swagger-docs-api/vendor/laravel/framework/src/Illuminate/Database/Connection.php(407): Illuminate\Database\Connection->run('select * from `...', Array, Object(Closure))
#15 /Users/nattapongthip/Desktop/PUNPRO/DEV_WORK/OKR-DEV-SKLL-WEB_BENZ/benz-laravel-swagger-docs-api/vendor/laravel/framework/src/Illuminate/Database/Query/Builder.php(2751): Illuminate\Database\Connection->select('select * from `...', Array, true)
#16 /Users/nattapongthip/Desktop/PUNPRO/DEV_WORK/OKR-DEV-SKLL-WEB_BENZ/benz-laravel-swagger-docs-api/vendor/laravel/framework/src/Illuminate/Database/Query/Builder.php(2740): Illuminate\Database\Query\Builder->runSelect()
#17 /Users/nattapongthip/Desktop/PUNPRO/DEV_WORK/OKR-DEV-SKLL-WEB_BENZ/benz-laravel-swagger-docs-api/vendor/laravel/framework/src/Illuminate/Database/Query/Builder.php(3294): Illuminate\Database\Query\Builder->Illuminate\Database\Query\{closure}()
#18 /Users/nattapongthip/Desktop/PUNPRO/DEV_WORK/OKR-DEV-SKLL-WEB_BENZ/benz-laravel-swagger-docs-api/vendor/laravel/framework/src/Illuminate/Database/Query/Builder.php(2739): Illuminate\Database\Query\Builder->onceWithColumns(Array, Object(Closure))
#19 /Users/nattapongthip/Desktop/PUNPRO/DEV_WORK/OKR-DEV-SKLL-WEB_BENZ/benz-laravel-swagger-docs-api/vendor/laravel/framework/src/Illuminate/Database/Eloquent/Builder.php(735): Illuminate\Database\Query\Builder->get(Array)
#20 /Users/nattapongthip/Desktop/PUNPRO/DEV_WORK/OKR-DEV-SKLL-WEB_BENZ/benz-laravel-swagger-docs-api/vendor/laravel/framework/src/Illuminate/Database/Eloquent/Builder.php(719): Illuminate\Database\Eloquent\Builder->getModels(Array)
#21 /Users/nattapongthip/Desktop/PUNPRO/DEV_WORK/OKR-DEV-SKLL-WEB_BENZ/benz-laravel-swagger-docs-api/vendor/laravel/framework/src/Illuminate/Database/Concerns/BuildsQueries.php(300): Illuminate\Database\Eloquent\Builder->get(Array)
#22 /Users/nattapongthip/Desktop/PUNPRO/DEV_WORK/OKR-DEV-SKLL-WEB_BENZ/benz-laravel-swagger-docs-api/vendor/laravel/framework/src/Illuminate/Support/Traits/ForwardsCalls.php(23): Illuminate\Database\Eloquent\Builder->first()
#23 /Users/nattapongthip/Desktop/PUNPRO/DEV_WORK/OKR-DEV-SKLL-WEB_BENZ/benz-laravel-swagger-docs-api/vendor/laravel/framework/src/Illuminate/Database/Eloquent/Model.php(2333): Illuminate\Database\Eloquent\Model->forwardCallTo(Object(Illuminate\Database\Eloquent\Builder), 'first', Array)
#24 /Users/nattapongthip/Desktop/PUNPRO/DEV_WORK/OKR-DEV-SKLL-WEB_BENZ/benz-laravel-swagger-docs-api/vendor/laravel/framework/src/Illuminate/Database/Eloquent/Model.php(2345): Illuminate\Database\Eloquent\Model->__call('first', Array)
#25 Command line code(1): Illuminate\Database\Eloquent\Model::__callStatic('first', Array)
#26 {main}

Next Illuminate\Database\QueryException: SQLSTATE[HY000] [2002] php_network_getaddresses: getaddrinfo for mysql failed: nodename nor servname provided, or not known (Connection: mysql, SQL: select * from `users` limit 1) in /Users/nattapongthip/Desktop/PUNPRO/DEV_WORK/OKR-DEV-SKLL-WEB_BENZ/benz-laravel-swagger-docs-api/vendor/laravel/framework/src/Illuminate/Database/Connection.php:801
Stack trace:
#0 /Users/nattapongthip/Desktop/PUNPRO/DEV_WORK/OKR-DEV-SKLL-WEB_BENZ/benz-laravel-swagger-docs-api/vendor/laravel/framework/src/Illuminate/Database/Connection.php(951): Illuminate\Database\Connection->runQueryCallback('select * from `...', Array, Object(Closure))
#1 /Users/nattapongthip/Desktop/PUNPRO/DEV_WORK/OKR-DEV-SKLL-WEB_BENZ/benz-laravel-swagger-docs-api/vendor/laravel/framework/src/Illuminate/Database/Connection.php(930): Illuminate\Database\Connection->tryAgainIfCausedByLostConnection(Object(Illuminate\Database\QueryException), 'select * from `...', Array, Object(Closure))
#2 /Users/nattapongthip/Desktop/PUNPRO/DEV_WORK/OKR-DEV-SKLL-WEB_BENZ/benz-laravel-swagger-docs-api/vendor/laravel/framework/src/Illuminate/Database/Connection.php(757): Illuminate\Database\Connection->handleQueryException(Object(Illuminate\Database\QueryException), 'select * from `...', Array, Object(Closure))
#3 /Users/nattapongthip/Desktop/PUNPRO/DEV_WORK/OKR-DEV-SKLL-WEB_BENZ/benz-laravel-swagger-docs-api/vendor/laravel/framework/src/Illuminate/Database/Connection.php(407): Illuminate\Database\Connection->run('select * from `...', Array, Object(Closure))
#4 /Users/nattapongthip/Desktop/PUNPRO/DEV_WORK/OKR-DEV-SKLL-WEB_BENZ/benz-laravel-swagger-docs-api/vendor/laravel/framework/src/Illuminate/Database/Query/Builder.php(2751): Illuminate\Database\Connection->select('select * from `...', Array, true)
#5 /Users/nattapongthip/Desktop/PUNPRO/DEV_WORK/OKR-DEV-SKLL-WEB_BENZ/benz-laravel-swagger-docs-api/vendor/laravel/framework/src/Illuminate/Database/Query/Builder.php(2740): Illuminate\Database\Query\Builder->runSelect()
#6 /Users/nattapongthip/Desktop/PUNPRO/DEV_WORK/OKR-DEV-SKLL-WEB_BENZ/benz-laravel-swagger-docs-api/vendor/laravel/framework/src/Illuminate/Database/Query/Builder.php(3294): Illuminate\Database\Query\Builder->Illuminate\Database\Query\{closure}()
#7 /Users/nattapongthip/Desktop/PUNPRO/DEV_WORK/OKR-DEV-SKLL-WEB_BENZ/benz-laravel-swagger-docs-api/vendor/laravel/framework/src/Illuminate/Database/Query/Builder.php(2739): Illuminate\Database\Query\Builder->onceWithColumns(Array, Object(Closure))
#8 /Users/nattapongthip/Desktop/PUNPRO/DEV_WORK/OKR-DEV-SKLL-WEB_BENZ/benz-laravel-swagger-docs-api/vendor/laravel/framework/src/Illuminate/Database/Eloquent/Builder.php(735): Illuminate\Database\Query\Builder->get(Array)
#9 /Users/nattapongthip/Desktop/PUNPRO/DEV_WORK/OKR-DEV-SKLL-WEB_BENZ/benz-laravel-swagger-docs-api/vendor/laravel/framework/src/Illuminate/Database/Eloquent/Builder.php(719): Illuminate\Database\Eloquent\Builder->getModels(Array)
#10 /Users/nattapongthip/Desktop/PUNPRO/DEV_WORK/OKR-DEV-SKLL-WEB_BENZ/benz-laravel-swagger-docs-api/vendor/laravel/framework/src/Illuminate/Database/Concerns/BuildsQueries.php(300): Illuminate\Database\Eloquent\Builder->get(Array)
#11 /Users/nattapongthip/Desktop/PUNPRO/DEV_WORK/OKR-DEV-SKLL-WEB_BENZ/benz-laravel-swagger-docs-api/vendor/laravel/framework/src/Illuminate/Support/Traits/ForwardsCalls.php(23): Illuminate\Database\Eloquent\Builder->first()
#12 /Users/nattapongthip/Desktop/PUNPRO/DEV_WORK/OKR-DEV-SKLL-WEB_BENZ/benz-laravel-swagger-docs-api/vendor/laravel/framework/src/Illuminate/Database/Eloquent/Model.php(2333): Illuminate\Database\Eloquent\Model->forwardCallTo(Object(Illuminate\Database\Eloquent\Builder), 'first', Array)
#13 /Users/nattapongthip/Desktop/PUNPRO/DEV_WORK/OKR-DEV-SKLL-WEB_BENZ/benz-laravel-swagger-docs-api/vendor/laravel/framework/src/Illuminate/Database/Eloquent/Model.php(2345): Illuminate\Database\Eloquent\Model->__call('first', Array)
#14 Command line code(1): Illuminate\Database\Eloquent\Model::__callStatic('first', Array)
#15 {main}
  thrown {"exception":"[object] (Symfony\\Component\\ErrorHandler\\Error\\FatalError(code: 0): Uncaught PDOException: PDO::__construct(): php_network_getaddresses: getaddrinfo for mysql failed: nodename nor servname provided, or not known in /Users/nattapongthip/Desktop/PUNPRO/DEV_WORK/OKR-DEV-SKLL-WEB_BENZ/benz-laravel-swagger-docs-api/vendor/laravel/framework/src/Illuminate/Database/Connectors/Connector.php:65
Stack trace:
#0 /Users/nattapongthip/Desktop/PUNPRO/DEV_WORK/OKR-DEV-SKLL-WEB_BENZ/benz-laravel-swagger-docs-api/vendor/laravel/framework/src/Illuminate/Database/Connectors/Connector.php(65): PDO->__construct('mysql:host=mysq...', 'sail', Object(SensitiveParameterValue), Array)
#1 /Users/nattapongthip/Desktop/PUNPRO/DEV_WORK/OKR-DEV-SKLL-WEB_BENZ/benz-laravel-swagger-docs-api/vendor/laravel/framework/src/Illuminate/Database/Connectors/Connector.php(83): Illuminate\\Database\\Connectors\\Connector->createPdoConnection('mysql:host=mysq...', 'sail', 'password', Array)
#2 /Users/nattapongthip/Desktop/PUNPRO/DEV_WORK/OKR-DEV-SKLL-WEB_BENZ/benz-laravel-swagger-docs-api/vendor/laravel/framework/src/Illuminate/Database/Connectors/Connector.php(48): Illuminate\\Database\\Connectors\\Connector->tryAgainIfCausedByLostConnection(Object(PDOException), 'mysql:host=mysq...', 'sail', 'password', Array)
#3 /Users/nattapongthip/Desktop/PUNPRO/DEV_WORK/OKR-DEV-SKLL-WEB_BENZ/benz-laravel-swagger-docs-api/vendor/laravel/framework/src/Illuminate/Database/Connectors/MySqlConnector.php(24): Illuminate\\Database\\Connectors\\Connector->createConnection('mysql:host=mysq...', Array, Array)
#4 /Users/nattapongthip/Desktop/PUNPRO/DEV_WORK/OKR-DEV-SKLL-WEB_BENZ/benz-laravel-swagger-docs-api/vendor/laravel/framework/src/Illuminate/Database/Connectors/ConnectionFactory.php(184): Illuminate\\Database\\Connectors\\MySqlConnector->connect(Array)
#5 [internal function]: Illuminate\\Database\\Connectors\\ConnectionFactory->Illuminate\\Database\\Connectors\\{closure}()
#6 /Users/nattapongthip/Desktop/PUNPRO/DEV_WORK/OKR-DEV-SKLL-WEB_BENZ/benz-laravel-swagger-docs-api/vendor/laravel/framework/src/Illuminate/Database/Connection.php(1292): call_user_func(Object(Closure))
#7 /Users/nattapongthip/Desktop/PUNPRO/DEV_WORK/OKR-DEV-SKLL-WEB_BENZ/benz-laravel-swagger-docs-api/vendor/laravel/framework/src/Illuminate/Database/Connection.php(1328): Illuminate\\Database\\Connection->getPdo()
#8 /Users/nattapongthip/Desktop/PUNPRO/DEV_WORK/OKR-DEV-SKLL-WEB_BENZ/benz-laravel-swagger-docs-api/vendor/laravel/framework/src/Illuminate/Database/Connection.php(521): Illuminate\\Database\\Connection->getReadPdo()
#9 /Users/nattapongthip/Desktop/PUNPRO/DEV_WORK/OKR-DEV-SKLL-WEB_BENZ/benz-laravel-swagger-docs-api/vendor/laravel/framework/src/Illuminate/Database/Connection.php(416): Illuminate\\Database\\Connection->getPdoForSelect(true)
#10 /Users/nattapongthip/Desktop/PUNPRO/DEV_WORK/OKR-DEV-SKLL-WEB_BENZ/benz-laravel-swagger-docs-api/vendor/laravel/framework/src/Illuminate/Database/Connection.php(788): Illuminate\\Database\\Connection->Illuminate\\Database\\{closure}('select * from `...', Array)
#11 /Users/nattapongthip/Desktop/PUNPRO/DEV_WORK/OKR-DEV-SKLL-WEB_BENZ/benz-laravel-swagger-docs-api/vendor/laravel/framework/src/Illuminate/Database/Connection.php(951): Illuminate\\Database\\Connection->runQueryCallback('select * from `...', Array, Object(Closure))
#12 /Users/nattapongthip/Desktop/PUNPRO/DEV_WORK/OKR-DEV-SKLL-WEB_BENZ/benz-laravel-swagger-docs-api/vendor/laravel/framework/src/Illuminate/Database/Connection.php(930): Illuminate\\Database\\Connection->tryAgainIfCausedByLostConnection(Object(Illuminate\\Database\\QueryException), 'select * from `...', Array, Object(Closure))
#13 /Users/nattapongthip/Desktop/PUNPRO/DEV_WORK/OKR-DEV-SKLL-WEB_BENZ/benz-laravel-swagger-docs-api/vendor/laravel/framework/src/Illuminate/Database/Connection.php(757): Illuminate\\Database\\Connection->handleQueryException(Object(Illuminate\\Database\\QueryException), 'select * from `...', Array, Object(Closure))
#14 /Users/nattapongthip/Desktop/PUNPRO/DEV_WORK/OKR-DEV-SKLL-WEB_BENZ/benz-laravel-swagger-docs-api/vendor/laravel/framework/src/Illuminate/Database/Connection.php(407): Illuminate\\Database\\Connection->run('select * from `...', Array, Object(Closure))
#15 /Users/nattapongthip/Desktop/PUNPRO/DEV_WORK/OKR-DEV-SKLL-WEB_BENZ/benz-laravel-swagger-docs-api/vendor/laravel/framework/src/Illuminate/Database/Query/Builder.php(2751): Illuminate\\Database\\Connection->select('select * from `...', Array, true)
#16 /Users/nattapongthip/Desktop/PUNPRO/DEV_WORK/OKR-DEV-SKLL-WEB_BENZ/benz-laravel-swagger-docs-api/vendor/laravel/framework/src/Illuminate/Database/Query/Builder.php(2740): Illuminate\\Database\\Query\\Builder->runSelect()
#17 /Users/nattapongthip/Desktop/PUNPRO/DEV_WORK/OKR-DEV-SKLL-WEB_BENZ/benz-laravel-swagger-docs-api/vendor/laravel/framework/src/Illuminate/Database/Query/Builder.php(3294): Illuminate\\Database\\Query\\Builder->Illuminate\\Database\\Query\\{closure}()
#18 /Users/nattapongthip/Desktop/PUNPRO/DEV_WORK/OKR-DEV-SKLL-WEB_BENZ/benz-laravel-swagger-docs-api/vendor/laravel/framework/src/Illuminate/Database/Query/Builder.php(2739): Illuminate\\Database\\Query\\Builder->onceWithColumns(Array, Object(Closure))
#19 /Users/nattapongthip/Desktop/PUNPRO/DEV_WORK/OKR-DEV-SKLL-WEB_BENZ/benz-laravel-swagger-docs-api/vendor/laravel/framework/src/Illuminate/Database/Eloquent/Builder.php(735): Illuminate\\Database\\Query\\Builder->get(Array)
#20 /Users/nattapongthip/Desktop/PUNPRO/DEV_WORK/OKR-DEV-SKLL-WEB_BENZ/benz-laravel-swagger-docs-api/vendor/laravel/framework/src/Illuminate/Database/Eloquent/Builder.php(719): Illuminate\\Database\\Eloquent\\Builder->getModels(Array)
#21 /Users/nattapongthip/Desktop/PUNPRO/DEV_WORK/OKR-DEV-SKLL-WEB_BENZ/benz-laravel-swagger-docs-api/vendor/laravel/framework/src/Illuminate/Database/Concerns/BuildsQueries.php(300): Illuminate\\Database\\Eloquent\\Builder->get(Array)
#22 /Users/nattapongthip/Desktop/PUNPRO/DEV_WORK/OKR-DEV-SKLL-WEB_BENZ/benz-laravel-swagger-docs-api/vendor/laravel/framework/src/Illuminate/Support/Traits/ForwardsCalls.php(23): Illuminate\\Database\\Eloquent\\Builder->first()
#23 /Users/nattapongthip/Desktop/PUNPRO/DEV_WORK/OKR-DEV-SKLL-WEB_BENZ/benz-laravel-swagger-docs-api/vendor/laravel/framework/src/Illuminate/Database/Eloquent/Model.php(2333): Illuminate\\Database\\Eloquent\\Model->forwardCallTo(Object(Illuminate\\Database\\Eloquent\\Builder), 'first', Array)
#24 /Users/nattapongthip/Desktop/PUNPRO/DEV_WORK/OKR-DEV-SKLL-WEB_BENZ/benz-laravel-swagger-docs-api/vendor/laravel/framework/src/Illuminate/Database/Eloquent/Model.php(2345): Illuminate\\Database\\Eloquent\\Model->__call('first', Array)
#25 Command line code(1): Illuminate\\Database\\Eloquent\\Model::__callStatic('first', Array)
#26 {main}

Next PDOException: SQLSTATE[HY000] [2002] php_network_getaddresses: getaddrinfo for mysql failed: nodename nor servname provided, or not known in /Users/nattapongthip/Desktop/PUNPRO/DEV_WORK/OKR-DEV-SKLL-WEB_BENZ/benz-laravel-swagger-docs-api/vendor/laravel/framework/src/Illuminate/Database/Connectors/Connector.php:65
Stack trace:
#0 /Users/nattapongthip/Desktop/PUNPRO/DEV_WORK/OKR-DEV-SKLL-WEB_BENZ/benz-laravel-swagger-docs-api/vendor/laravel/framework/src/Illuminate/Database/Connectors/Connector.php(65): PDO->__construct('mysql:host=mysq...', 'sail', Object(SensitiveParameterValue), Array)
#1 /Users/nattapongthip/Desktop/PUNPRO/DEV_WORK/OKR-DEV-SKLL-WEB_BENZ/benz-laravel-swagger-docs-api/vendor/laravel/framework/src/Illuminate/Database/Connectors/Connector.php(83): Illuminate\\Database\\Connectors\\Connector->createPdoConnection('mysql:host=mysq...', 'sail', 'password', Array)
#2 /Users/nattapongthip/Desktop/PUNPRO/DEV_WORK/OKR-DEV-SKLL-WEB_BENZ/benz-laravel-swagger-docs-api/vendor/laravel/framework/src/Illuminate/Database/Connectors/Connector.php(48): Illuminate\\Database\\Connectors\\Connector->tryAgainIfCausedByLostConnection(Object(PDOException), 'mysql:host=mysq...', 'sail', 'password', Array)
#3 /Users/nattapongthip/Desktop/PUNPRO/DEV_WORK/OKR-DEV-SKLL-WEB_BENZ/benz-laravel-swagger-docs-api/vendor/laravel/framework/src/Illuminate/Database/Connectors/MySqlConnector.php(24): Illuminate\\Database\\Connectors\\Connector->createConnection('mysql:host=mysq...', Array, Array)
#4 /Users/nattapongthip/Desktop/PUNPRO/DEV_WORK/OKR-DEV-SKLL-WEB_BENZ/benz-laravel-swagger-docs-api/vendor/laravel/framework/src/Illuminate/Database/Connectors/ConnectionFactory.php(184): Illuminate\\Database\\Connectors\\MySqlConnector->connect(Array)
#5 [internal function]: Illuminate\\Database\\Connectors\\ConnectionFactory->Illuminate\\Database\\Connectors\\{closure}()
#6 /Users/nattapongthip/Desktop/PUNPRO/DEV_WORK/OKR-DEV-SKLL-WEB_BENZ/benz-laravel-swagger-docs-api/vendor/laravel/framework/src/Illuminate/Database/Connection.php(1292): call_user_func(Object(Closure))
#7 /Users/nattapongthip/Desktop/PUNPRO/DEV_WORK/OKR-DEV-SKLL-WEB_BENZ/benz-laravel-swagger-docs-api/vendor/laravel/framework/src/Illuminate/Database/Connection.php(1328): Illuminate\\Database\\Connection->getPdo()
#8 /Users/nattapongthip/Desktop/PUNPRO/DEV_WORK/OKR-DEV-SKLL-WEB_BENZ/benz-laravel-swagger-docs-api/vendor/laravel/framework/src/Illuminate/Database/Connection.php(521): Illuminate\\Database\\Connection->getReadPdo()
#9 /Users/nattapongthip/Desktop/PUNPRO/DEV_WORK/OKR-DEV-SKLL-WEB_BENZ/benz-laravel-swagger-docs-api/vendor/laravel/framework/src/Illuminate/Database/Connection.php(416): Illuminate\\Database\\Connection->getPdoForSelect(true)
#10 /Users/nattapongthip/Desktop/PUNPRO/DEV_WORK/OKR-DEV-SKLL-WEB_BENZ/benz-laravel-swagger-docs-api/vendor/laravel/framework/src/Illuminate/Database/Connection.php(788): Illuminate\\Database\\Connection->Illuminate\\Database\\{closure}('select * from `...', Array)
#11 /Users/nattapongthip/Desktop/PUNPRO/DEV_WORK/OKR-DEV-SKLL-WEB_BENZ/benz-laravel-swagger-docs-api/vendor/laravel/framework/src/Illuminate/Database/Connection.php(951): Illuminate\\Database\\Connection->runQueryCallback('select * from `...', Array, Object(Closure))
#12 /Users/nattapongthip/Desktop/PUNPRO/DEV_WORK/OKR-DEV-SKLL-WEB_BENZ/benz-laravel-swagger-docs-api/vendor/laravel/framework/src/Illuminate/Database/Connection.php(930): Illuminate\\Database\\Connection->tryAgainIfCausedByLostConnection(Object(Illuminate\\Database\\QueryException), 'select * from `...', Array, Object(Closure))
#13 /Users/nattapongthip/Desktop/PUNPRO/DEV_WORK/OKR-DEV-SKLL-WEB_BENZ/benz-laravel-swagger-docs-api/vendor/laravel/framework/src/Illuminate/Database/Connection.php(757): Illuminate\\Database\\Connection->handleQueryException(Object(Illuminate\\Database\\QueryException), 'select * from `...', Array, Object(Closure))
#14 /Users/nattapongthip/Desktop/PUNPRO/DEV_WORK/OKR-DEV-SKLL-WEB_BENZ/benz-laravel-swagger-docs-api/vendor/laravel/framework/src/Illuminate/Database/Connection.php(407): Illuminate\\Database\\Connection->run('select * from `...', Array, Object(Closure))
#15 /Users/nattapongthip/Desktop/PUNPRO/DEV_WORK/OKR-DEV-SKLL-WEB_BENZ/benz-laravel-swagger-docs-api/vendor/laravel/framework/src/Illuminate/Database/Query/Builder.php(2751): Illuminate\\Database\\Connection->select('select * from `...', Array, true)
#16 /Users/nattapongthip/Desktop/PUNPRO/DEV_WORK/OKR-DEV-SKLL-WEB_BENZ/benz-laravel-swagger-docs-api/vendor/laravel/framework/src/Illuminate/Database/Query/Builder.php(2740): Illuminate\\Database\\Query\\Builder->runSelect()
#17 /Users/nattapongthip/Desktop/PUNPRO/DEV_WORK/OKR-DEV-SKLL-WEB_BENZ/benz-laravel-swagger-docs-api/vendor/laravel/framework/src/Illuminate/Database/Query/Builder.php(3294): Illuminate\\Database\\Query\\Builder->Illuminate\\Database\\Query\\{closure}()
#18 /Users/nattapongthip/Desktop/PUNPRO/DEV_WORK/OKR-DEV-SKLL-WEB_BENZ/benz-laravel-swagger-docs-api/vendor/laravel/framework/src/Illuminate/Database/Query/Builder.php(2739): Illuminate\\Database\\Query\\Builder->onceWithColumns(Array, Object(Closure))
#19 /Users/nattapongthip/Desktop/PUNPRO/DEV_WORK/OKR-DEV-SKLL-WEB_BENZ/benz-laravel-swagger-docs-api/vendor/laravel/framework/src/Illuminate/Database/Eloquent/Builder.php(735): Illuminate\\Database\\Query\\Builder->get(Array)
#20 /Users/nattapongthip/Desktop/PUNPRO/DEV_WORK/OKR-DEV-SKLL-WEB_BENZ/benz-laravel-swagger-docs-api/vendor/laravel/framework/src/Illuminate/Database/Eloquent/Builder.php(719): Illuminate\\Database\\Eloquent\\Builder->getModels(Array)
#21 /Users/nattapongthip/Desktop/PUNPRO/DEV_WORK/OKR-DEV-SKLL-WEB_BENZ/benz-laravel-swagger-docs-api/vendor/laravel/framework/src/Illuminate/Database/Concerns/BuildsQueries.php(300): Illuminate\\Database\\Eloquent\\Builder->get(Array)
#22 /Users/nattapongthip/Desktop/PUNPRO/DEV_WORK/OKR-DEV-SKLL-WEB_BENZ/benz-laravel-swagger-docs-api/vendor/laravel/framework/src/Illuminate/Support/Traits/ForwardsCalls.php(23): Illuminate\\Database\\Eloquent\\Builder->first()
#23 /Users/nattapongthip/Desktop/PUNPRO/DEV_WORK/OKR-DEV-SKLL-WEB_BENZ/benz-laravel-swagger-docs-api/vendor/laravel/framework/src/Illuminate/Database/Eloquent/Model.php(2333): Illuminate\\Database\\Eloquent\\Model->forwardCallTo(Object(Illuminate\\Database\\Eloquent\\Builder), 'first', Array)
#24 /Users/nattapongthip/Desktop/PUNPRO/DEV_WORK/OKR-DEV-SKLL-WEB_BENZ/benz-laravel-swagger-docs-api/vendor/laravel/framework/src/Illuminate/Database/Eloquent/Model.php(2345): Illuminate\\Database\\Eloquent\\Model->__call('first', Array)
#25 Command line code(1): Illuminate\\Database\\Eloquent\\Model::__callStatic('first', Array)
#26 {main}

Next Illuminate\\Database\\QueryException: SQLSTATE[HY000] [2002] php_network_getaddresses: getaddrinfo for mysql failed: nodename nor servname provided, or not known (Connection: mysql, SQL: select * from `users` limit 1) in /Users/nattapongthip/Desktop/PUNPRO/DEV_WORK/OKR-DEV-SKLL-WEB_BENZ/benz-laravel-swagger-docs-api/vendor/laravel/framework/src/Illuminate/Database/Connection.php:801
Stack trace:
#0 /Users/nattapongthip/Desktop/PUNPRO/DEV_WORK/OKR-DEV-SKLL-WEB_BENZ/benz-laravel-swagger-docs-api/vendor/laravel/framework/src/Illuminate/Database/Connection.php(951): Illuminate\\Database\\Connection->runQueryCallback('select * from `...', Array, Object(Closure))
#1 /Users/nattapongthip/Desktop/PUNPRO/DEV_WORK/OKR-DEV-SKLL-WEB_BENZ/benz-laravel-swagger-docs-api/vendor/laravel/framework/src/Illuminate/Database/Connection.php(930): Illuminate\\Database\\Connection->tryAgainIfCausedByLostConnection(Object(Illuminate\\Database\\QueryException), 'select * from `...', Array, Object(Closure))
#2 /Users/nattapongthip/Desktop/PUNPRO/DEV_WORK/OKR-DEV-SKLL-WEB_BENZ/benz-laravel-swagger-docs-api/vendor/laravel/framework/src/Illuminate/Database/Connection.php(757): Illuminate\\Database\\Connection->handleQueryException(Object(Illuminate\\Database\\QueryException), 'select * from `...', Array, Object(Closure))
#3 /Users/nattapongthip/Desktop/PUNPRO/DEV_WORK/OKR-DEV-SKLL-WEB_BENZ/benz-laravel-swagger-docs-api/vendor/laravel/framework/src/Illuminate/Database/Connection.php(407): Illuminate\\Database\\Connection->run('select * from `...', Array, Object(Closure))
#4 /Users/nattapongthip/Desktop/PUNPRO/DEV_WORK/OKR-DEV-SKLL-WEB_BENZ/benz-laravel-swagger-docs-api/vendor/laravel/framework/src/Illuminate/Database/Query/Builder.php(2751): Illuminate\\Database\\Connection->select('select * from `...', Array, true)
#5 /Users/nattapongthip/Desktop/PUNPRO/DEV_WORK/OKR-DEV-SKLL-WEB_BENZ/benz-laravel-swagger-docs-api/vendor/laravel/framework/src/Illuminate/Database/Query/Builder.php(2740): Illuminate\\Database\\Query\\Builder->runSelect()
#6 /Users/nattapongthip/Desktop/PUNPRO/DEV_WORK/OKR-DEV-SKLL-WEB_BENZ/benz-laravel-swagger-docs-api/vendor/laravel/framework/src/Illuminate/Database/Query/Builder.php(3294): Illuminate\\Database\\Query\\Builder->Illuminate\\Database\\Query\\{closure}()
#7 /Users/nattapongthip/Desktop/PUNPRO/DEV_WORK/OKR-DEV-SKLL-WEB_BENZ/benz-laravel-swagger-docs-api/vendor/laravel/framework/src/Illuminate/Database/Query/Builder.php(2739): Illuminate\\Database\\Query\\Builder->onceWithColumns(Array, Object(Closure))
#8 /Users/nattapongthip/Desktop/PUNPRO/DEV_WORK/OKR-DEV-SKLL-WEB_BENZ/benz-laravel-swagger-docs-api/vendor/laravel/framework/src/Illuminate/Database/Eloquent/Builder.php(735): Illuminate\\Database\\Query\\Builder->get(Array)
#9 /Users/nattapongthip/Desktop/PUNPRO/DEV_WORK/OKR-DEV-SKLL-WEB_BENZ/benz-laravel-swagger-docs-api/vendor/laravel/framework/src/Illuminate/Database/Eloquent/Builder.php(719): Illuminate\\Database\\Eloquent\\Builder->getModels(Array)
#10 /Users/nattapongthip/Desktop/PUNPRO/DEV_WORK/OKR-DEV-SKLL-WEB_BENZ/benz-laravel-swagger-docs-api/vendor/laravel/framework/src/Illuminate/Database/Concerns/BuildsQueries.php(300): Illuminate\\Database\\Eloquent\\Builder->get(Array)
#11 /Users/nattapongthip/Desktop/PUNPRO/DEV_WORK/OKR-DEV-SKLL-WEB_BENZ/benz-laravel-swagger-docs-api/vendor/laravel/framework/src/Illuminate/Support/Traits/ForwardsCalls.php(23): Illuminate\\Database\\Eloquent\\Builder->first()
#12 /Users/nattapongthip/Desktop/PUNPRO/DEV_WORK/OKR-DEV-SKLL-WEB_BENZ/benz-laravel-swagger-docs-api/vendor/laravel/framework/src/Illuminate/Database/Eloquent/Model.php(2333): Illuminate\\Database\\Eloquent\\Model->forwardCallTo(Object(Illuminate\\Database\\Eloquent\\Builder), 'first', Array)
#13 /Users/nattapongthip/Desktop/PUNPRO/DEV_WORK/OKR-DEV-SKLL-WEB_BENZ/benz-laravel-swagger-docs-api/vendor/laravel/framework/src/Illuminate/Database/Eloquent/Model.php(2345): Illuminate\\Database\\Eloquent\\Model->__call('first', Array)
#14 Command line code(1): Illuminate\\Database\\Eloquent\\Model::__callStatic('first', Array)
#15 {main}
  thrown at /Users/nattapongthip/Desktop/PUNPRO/DEV_WORK/OKR-DEV-SKLL-WEB_BENZ/benz-laravel-swagger-docs-api/vendor/laravel/framework/src/Illuminate/Database/Connection.php:801)
[stacktrace]
#0 {main}
"} 
[2023-12-26 07:50:12] local.ERROR: Too few arguments to function Illuminate\Database\Eloquent\Builder::where(), 0 passed in /var/www/html/vendor/laravel/framework/src/Illuminate/Support/Traits/ForwardsCalls.php on line 23 and at least 1 expected {"exception":"[object] (ArgumentCountError(code: 0): Too few arguments to function Illuminate\\Database\\Eloquent\\Builder::where(), 0 passed in /var/www/html/vendor/laravel/framework/src/Illuminate/Support/Traits/ForwardsCalls.php on line 23 and at least 1 expected at /var/www/html/vendor/laravel/framework/src/Illuminate/Database/Eloquent/Builder.php:294)
[stacktrace]
#0 /var/www/html/vendor/laravel/framework/src/Illuminate/Support/Traits/ForwardsCalls.php(23): Illuminate\\Database\\Eloquent\\Builder->where()
#1 /var/www/html/vendor/laravel/framework/src/Illuminate/Database/Eloquent/Model.php(2333): Illuminate\\Database\\Eloquent\\Model->forwardCallTo()
#2 /var/www/html/vendor/laravel/framework/src/Illuminate/Database/Eloquent/Model.php(2345): Illuminate\\Database\\Eloquent\\Model->__call()
#3 /var/www/html/app/Http/Controllers/Api/V1/Admin/UsersApiController.php(204): Illuminate\\Database\\Eloquent\\Model::__callStatic()
#4 /var/www/html/vendor/laravel/framework/src/Illuminate/Routing/Controller.php(54): App\\Http\\Controllers\\Api\\V1\\Admin\\UsersApiController->update()
#5 /var/www/html/vendor/laravel/framework/src/Illuminate/Routing/ControllerDispatcher.php(43): Illuminate\\Routing\\Controller->callAction()
#6 /var/www/html/vendor/laravel/framework/src/Illuminate/Routing/Route.php(259): Illuminate\\Routing\\ControllerDispatcher->dispatch()
#7 /var/www/html/vendor/laravel/framework/src/Illuminate/Routing/Route.php(205): Illuminate\\Routing\\Route->runController()
#8 /var/www/html/vendor/laravel/framework/src/Illuminate/Routing/Router.php(799): Illuminate\\Routing\\Route->run()
#9 /var/www/html/vendor/laravel/framework/src/Illuminate/Pipeline/Pipeline.php(141): Illuminate\\Routing\\Router->Illuminate\\Routing\\{closure}()
#10 /var/www/html/vendor/laravel/framework/src/Illuminate/Routing/Middleware/SubstituteBindings.php(50): Illuminate\\Pipeline\\Pipeline->Illuminate\\Pipeline\\{closure}()
#11 /var/www/html/vendor/laravel/framework/src/Illuminate/Pipeline/Pipeline.php(180): Illuminate\\Routing\\Middleware\\SubstituteBindings->handle()
#12 /var/www/html/vendor/laravel/framework/src/Illuminate/Routing/Middleware/ThrottleRequests.php(159): Illuminate\\Pipeline\\Pipeline->Illuminate\\Pipeline\\{closure}()
#13 /var/www/html/vendor/laravel/framework/src/Illuminate/Routing/Middleware/ThrottleRequests.php(125): Illuminate\\Routing\\Middleware\\ThrottleRequests->handleRequest()
#14 /var/www/html/vendor/laravel/framework/src/Illuminate/Routing/Middleware/ThrottleRequests.php(87): Illuminate\\Routing\\Middleware\\ThrottleRequests->handleRequestUsingNamedLimiter()
#15 /var/www/html/vendor/laravel/framework/src/Illuminate/Pipeline/Pipeline.php(180): Illuminate\\Routing\\Middleware\\ThrottleRequests->handle()
#16 /var/www/html/vendor/laravel/framework/src/Illuminate/Pipeline/Pipeline.php(116): Illuminate\\Pipeline\\Pipeline->Illuminate\\Pipeline\\{closure}()
#17 /var/www/html/vendor/laravel/framework/src/Illuminate/Routing/Router.php(798): Illuminate\\Pipeline\\Pipeline->then()
#18 /var/www/html/vendor/laravel/framework/src/Illuminate/Routing/Router.php(777): Illuminate\\Routing\\Router->runRouteWithinStack()
#19 /var/www/html/vendor/laravel/framework/src/Illuminate/Routing/Router.php(741): Illuminate\\Routing\\Router->runRoute()
#20 /var/www/html/vendor/laravel/framework/src/Illuminate/Routing/Router.php(730): Illuminate\\Routing\\Router->dispatchToRoute()
#21 /var/www/html/vendor/laravel/framework/src/Illuminate/Foundation/Http/Kernel.php(200): Illuminate\\Routing\\Router->dispatch()
#22 /var/www/html/vendor/laravel/framework/src/Illuminate/Pipeline/Pipeline.php(141): Illuminate\\Foundation\\Http\\Kernel->Illuminate\\Foundation\\Http\\{closure}()
#23 /var/www/html/vendor/laravel/framework/src/Illuminate/Foundation/Http/Middleware/TransformsRequest.php(21): Illuminate\\Pipeline\\Pipeline->Illuminate\\Pipeline\\{closure}()
#24 /var/www/html/vendor/laravel/framework/src/Illuminate/Foundation/Http/Middleware/ConvertEmptyStringsToNull.php(31): Illuminate\\Foundation\\Http\\Middleware\\TransformsRequest->handle()
#25 /var/www/html/vendor/laravel/framework/src/Illuminate/Pipeline/Pipeline.php(180): Illuminate\\Foundation\\Http\\Middleware\\ConvertEmptyStringsToNull->handle()
#26 /var/www/html/vendor/laravel/framework/src/Illuminate/Foundation/Http/Middleware/TransformsRequest.php(21): Illuminate\\Pipeline\\Pipeline->Illuminate\\Pipeline\\{closure}()
#27 /var/www/html/vendor/laravel/framework/src/Illuminate/Foundation/Http/Middleware/TrimStrings.php(40): Illuminate\\Foundation\\Http\\Middleware\\TransformsRequest->handle()
#28 /var/www/html/vendor/laravel/framework/src/Illuminate/Pipeline/Pipeline.php(180): Illuminate\\Foundation\\Http\\Middleware\\TrimStrings->handle()
#29 /var/www/html/vendor/laravel/framework/src/Illuminate/Foundation/Http/Middleware/ValidatePostSize.php(27): Illuminate\\Pipeline\\Pipeline->Illuminate\\Pipeline\\{closure}()
#30 /var/www/html/vendor/laravel/framework/src/Illuminate/Pipeline/Pipeline.php(180): Illuminate\\Foundation\\Http\\Middleware\\ValidatePostSize->handle()
#31 /var/www/html/vendor/laravel/framework/src/Illuminate/Foundation/Http/Middleware/PreventRequestsDuringMaintenance.php(99): Illuminate\\Pipeline\\Pipeline->Illuminate\\Pipeline\\{closure}()
#32 /var/www/html/vendor/laravel/framework/src/Illuminate/Pipeline/Pipeline.php(180): Illuminate\\Foundation\\Http\\Middleware\\PreventRequestsDuringMaintenance->handle()
#33 /var/www/html/vendor/laravel/framework/src/Illuminate/Http/Middleware/HandleCors.php(62): Illuminate\\Pipeline\\Pipeline->Illuminate\\Pipeline\\{closure}()
#34 /var/www/html/vendor/laravel/framework/src/Illuminate/Pipeline/Pipeline.php(180): Illuminate\\Http\\Middleware\\HandleCors->handle()
#35 /var/www/html/vendor/laravel/framework/src/Illuminate/Http/Middleware/TrustProxies.php(39): Illuminate\\Pipeline\\Pipeline->Illuminate\\Pipeline\\{closure}()
#36 /var/www/html/vendor/laravel/framework/src/Illuminate/Pipeline/Pipeline.php(180): Illuminate\\Http\\Middleware\\TrustProxies->handle()
#37 /var/www/html/vendor/laravel/framework/src/Illuminate/Pipeline/Pipeline.php(116): Illuminate\\Pipeline\\Pipeline->Illuminate\\Pipeline\\{closure}()
#38 /var/www/html/vendor/laravel/framework/src/Illuminate/Foundation/Http/Kernel.php(175): Illuminate\\Pipeline\\Pipeline->then()
#39 /var/www/html/vendor/laravel/framework/src/Illuminate/Foundation/Http/Kernel.php(144): Illuminate\\Foundation\\Http\\Kernel->sendRequestThroughRouter()
#40 /var/www/html/public/index.php(51): Illuminate\\Foundation\\Http\\Kernel->handle()
#41 /var/www/html/vendor/laravel/framework/src/Illuminate/Foundation/resources/server.php(16): require_once('...')
#42 {main}
"} 
[2023-12-26 08:04:50] local.ERROR: The "--columns" option does not exist. {"exception":"[object] (Symfony\\Component\\Console\\Exception\\RuntimeException(code: 0): The \"--columns\" option does not exist. at /Users/nattapongthip/Desktop/PUNPRO/DEV_WORK/OKR-DEV-SKLL-WEB_BENZ/benz-laravel-swagger-docs-api/vendor/symfony/console/Input/ArgvInput.php:223)
[stacktrace]
#0 /Users/nattapongthip/Desktop/PUNPRO/DEV_WORK/OKR-DEV-SKLL-WEB_BENZ/benz-laravel-swagger-docs-api/vendor/symfony/console/Input/ArgvInput.php(150): Symfony\\Component\\Console\\Input\\ArgvInput->addLongOption('columns', 'name,action')
#1 /Users/nattapongthip/Desktop/PUNPRO/DEV_WORK/OKR-DEV-SKLL-WEB_BENZ/benz-laravel-swagger-docs-api/vendor/symfony/console/Input/ArgvInput.php(85): Symfony\\Component\\Console\\Input\\ArgvInput->parseLongOption('--columns=name,...')
#2 /Users/nattapongthip/Desktop/PUNPRO/DEV_WORK/OKR-DEV-SKLL-WEB_BENZ/benz-laravel-swagger-docs-api/vendor/symfony/console/Input/ArgvInput.php(74): Symfony\\Component\\Console\\Input\\ArgvInput->parseToken('--columns=name,...', true)
#3 /Users/nattapongthip/Desktop/PUNPRO/DEV_WORK/OKR-DEV-SKLL-WEB_BENZ/benz-laravel-swagger-docs-api/vendor/symfony/console/Input/Input.php(55): Symfony\\Component\\Console\\Input\\ArgvInput->parse()
#4 /Users/nattapongthip/Desktop/PUNPRO/DEV_WORK/OKR-DEV-SKLL-WEB_BENZ/benz-laravel-swagger-docs-api/vendor/symfony/console/Command/Command.php(285): Symfony\\Component\\Console\\Input\\Input->bind(Object(Symfony\\Component\\Console\\Input\\InputDefinition))
#5 /Users/nattapongthip/Desktop/PUNPRO/DEV_WORK/OKR-DEV-SKLL-WEB_BENZ/benz-laravel-swagger-docs-api/vendor/laravel/framework/src/Illuminate/Console/Command.php(180): Symfony\\Component\\Console\\Command\\Command->run(Object(Symfony\\Component\\Console\\Input\\ArgvInput), Object(Illuminate\\Console\\OutputStyle))
#6 /Users/nattapongthip/Desktop/PUNPRO/DEV_WORK/OKR-DEV-SKLL-WEB_BENZ/benz-laravel-swagger-docs-api/vendor/symfony/console/Application.php(1081): Illuminate\\Console\\Command->run(Object(Symfony\\Component\\Console\\Input\\ArgvInput), Object(Symfony\\Component\\Console\\Output\\ConsoleOutput))
#7 /Users/nattapongthip/Desktop/PUNPRO/DEV_WORK/OKR-DEV-SKLL-WEB_BENZ/benz-laravel-swagger-docs-api/vendor/symfony/console/Application.php(320): Symfony\\Component\\Console\\Application->doRunCommand(Object(Illuminate\\Foundation\\Console\\RouteListCommand), Object(Symfony\\Component\\Console\\Input\\ArgvInput), Object(Symfony\\Component\\Console\\Output\\ConsoleOutput))
#8 /Users/nattapongthip/Desktop/PUNPRO/DEV_WORK/OKR-DEV-SKLL-WEB_BENZ/benz-laravel-swagger-docs-api/vendor/symfony/console/Application.php(174): Symfony\\Component\\Console\\Application->doRun(Object(Symfony\\Component\\Console\\Input\\ArgvInput), Object(Symfony\\Component\\Console\\Output\\ConsoleOutput))
#9 /Users/nattapongthip/Desktop/PUNPRO/DEV_WORK/OKR-DEV-SKLL-WEB_BENZ/benz-laravel-swagger-docs-api/vendor/laravel/framework/src/Illuminate/Foundation/Console/Kernel.php(201): Symfony\\Component\\Console\\Application->run(Object(Symfony\\Component\\Console\\Input\\ArgvInput), Object(Symfony\\Component\\Console\\Output\\ConsoleOutput))
#10 /Users/nattapongthip/Desktop/PUNPRO/DEV_WORK/OKR-DEV-SKLL-WEB_BENZ/benz-laravel-swagger-docs-api/artisan(35): Illuminate\\Foundation\\Console\\Kernel->handle(Object(Symfony\\Component\\Console\\Input\\ArgvInput), Object(Symfony\\Component\\Console\\Output\\ConsoleOutput))
#11 {main}
"} 
[2023-12-26 08:04:50] local.ERROR: The "--columns" option does not exist. {"exception":"[object] (Symfony\\Component\\Console\\Exception\\RuntimeException(code: 0): The \"--columns\" option does not exist. at /Users/nattapongthip/Desktop/PUNPRO/DEV_WORK/OKR-DEV-SKLL-WEB_BENZ/benz-laravel-swagger-docs-api/vendor/symfony/console/Input/ArgvInput.php:223)
[stacktrace]
#0 /Users/nattapongthip/Desktop/PUNPRO/DEV_WORK/OKR-DEV-SKLL-WEB_BENZ/benz-laravel-swagger-docs-api/vendor/symfony/console/Input/ArgvInput.php(150): Symfony\\Component\\Console\\Input\\ArgvInput->addLongOption('columns', 'name,action')
#1 /Users/nattapongthip/Desktop/PUNPRO/DEV_WORK/OKR-DEV-SKLL-WEB_BENZ/benz-laravel-swagger-docs-api/vendor/symfony/console/Input/ArgvInput.php(85): Symfony\\Component\\Console\\Input\\ArgvInput->parseLongOption('--columns=name,...')
#2 /Users/nattapongthip/Desktop/PUNPRO/DEV_WORK/OKR-DEV-SKLL-WEB_BENZ/benz-laravel-swagger-docs-api/vendor/symfony/console/Input/ArgvInput.php(74): Symfony\\Component\\Console\\Input\\ArgvInput->parseToken('--columns=name,...', true)
#3 /Users/nattapongthip/Desktop/PUNPRO/DEV_WORK/OKR-DEV-SKLL-WEB_BENZ/benz-laravel-swagger-docs-api/vendor/symfony/console/Input/Input.php(55): Symfony\\Component\\Console\\Input\\ArgvInput->parse()
#4 /Users/nattapongthip/Desktop/PUNPRO/DEV_WORK/OKR-DEV-SKLL-WEB_BENZ/benz-laravel-swagger-docs-api/vendor/symfony/console/Command/Command.php(285): Symfony\\Component\\Console\\Input\\Input->bind(Object(Symfony\\Component\\Console\\Input\\InputDefinition))
#5 /Users/nattapongthip/Desktop/PUNPRO/DEV_WORK/OKR-DEV-SKLL-WEB_BENZ/benz-laravel-swagger-docs-api/vendor/laravel/framework/src/Illuminate/Console/Command.php(180): Symfony\\Component\\Console\\Command\\Command->run(Object(Symfony\\Component\\Console\\Input\\ArgvInput), Object(Illuminate\\Console\\OutputStyle))
#6 /Users/nattapongthip/Desktop/PUNPRO/DEV_WORK/OKR-DEV-SKLL-WEB_BENZ/benz-laravel-swagger-docs-api/vendor/symfony/console/Application.php(1081): Illuminate\\Console\\Command->run(Object(Symfony\\Component\\Console\\Input\\ArgvInput), Object(Symfony\\Component\\Console\\Output\\ConsoleOutput))
#7 /Users/nattapongthip/Desktop/PUNPRO/DEV_WORK/OKR-DEV-SKLL-WEB_BENZ/benz-laravel-swagger-docs-api/vendor/symfony/console/Application.php(320): Symfony\\Component\\Console\\Application->doRunCommand(Object(Illuminate\\Foundation\\Console\\RouteListCommand), Object(Symfony\\Component\\Console\\Input\\ArgvInput), Object(Symfony\\Component\\Console\\Output\\ConsoleOutput))
#8 /Users/nattapongthip/Desktop/PUNPRO/DEV_WORK/OKR-DEV-SKLL-WEB_BENZ/benz-laravel-swagger-docs-api/vendor/symfony/console/Application.php(174): Symfony\\Component\\Console\\Application->doRun(Object(Symfony\\Component\\Console\\Input\\ArgvInput), Object(Symfony\\Component\\Console\\Output\\ConsoleOutput))
#9 /Users/nattapongthip/Desktop/PUNPRO/DEV_WORK/OKR-DEV-SKLL-WEB_BENZ/benz-laravel-swagger-docs-api/vendor/laravel/framework/src/Illuminate/Foundation/Console/Kernel.php(201): Symfony\\Component\\Console\\Application->run(Object(Symfony\\Component\\Console\\Input\\ArgvInput), Object(Symfony\\Component\\Console\\Output\\ConsoleOutput))
#10 /Users/nattapongthip/Desktop/PUNPRO/DEV_WORK/OKR-DEV-SKLL-WEB_BENZ/benz-laravel-swagger-docs-api/artisan(35): Illuminate\\Foundation\\Console\\Kernel->handle(Object(Symfony\\Component\\Console\\Input\\ArgvInput), Object(Symfony\\Component\\Console\\Output\\ConsoleOutput))
#11 {main}
"} 
[2023-12-26 08:04:50] local.ERROR: The "--columns" option does not exist. {"exception":"[object] (Symfony\\Component\\Console\\Exception\\RuntimeException(code: 0): The \"--columns\" option does not exist. at /Users/nattapongthip/Desktop/PUNPRO/DEV_WORK/OKR-DEV-SKLL-WEB_BENZ/benz-laravel-swagger-docs-api/vendor/symfony/console/Input/ArgvInput.php:223)
[stacktrace]
#0 /Users/nattapongthip/Desktop/PUNPRO/DEV_WORK/OKR-DEV-SKLL-WEB_BENZ/benz-laravel-swagger-docs-api/vendor/symfony/console/Input/ArgvInput.php(150): Symfony\\Component\\Console\\Input\\ArgvInput->addLongOption('columns', 'name,action')
#1 /Users/nattapongthip/Desktop/PUNPRO/DEV_WORK/OKR-DEV-SKLL-WEB_BENZ/benz-laravel-swagger-docs-api/vendor/symfony/console/Input/ArgvInput.php(85): Symfony\\Component\\Console\\Input\\ArgvInput->parseLongOption('--columns=name,...')
#2 /Users/nattapongthip/Desktop/PUNPRO/DEV_WORK/OKR-DEV-SKLL-WEB_BENZ/benz-laravel-swagger-docs-api/vendor/symfony/console/Input/ArgvInput.php(74): Symfony\\Component\\Console\\Input\\ArgvInput->parseToken('--columns=name,...', true)
#3 /Users/nattapongthip/Desktop/PUNPRO/DEV_WORK/OKR-DEV-SKLL-WEB_BENZ/benz-laravel-swagger-docs-api/vendor/symfony/console/Input/Input.php(55): Symfony\\Component\\Console\\Input\\ArgvInput->parse()
#4 /Users/nattapongthip/Desktop/PUNPRO/DEV_WORK/OKR-DEV-SKLL-WEB_BENZ/benz-laravel-swagger-docs-api/vendor/symfony/console/Command/Command.php(285): Symfony\\Component\\Console\\Input\\Input->bind(Object(Symfony\\Component\\Console\\Input\\InputDefinition))
#5 /Users/nattapongthip/Desktop/PUNPRO/DEV_WORK/OKR-DEV-SKLL-WEB_BENZ/benz-laravel-swagger-docs-api/vendor/laravel/framework/src/Illuminate/Console/Command.php(180): Symfony\\Component\\Console\\Command\\Command->run(Object(Symfony\\Component\\Console\\Input\\ArgvInput), Object(Illuminate\\Console\\OutputStyle))
#6 /Users/nattapongthip/Desktop/PUNPRO/DEV_WORK/OKR-DEV-SKLL-WEB_BENZ/benz-laravel-swagger-docs-api/vendor/symfony/console/Application.php(1081): Illuminate\\Console\\Command->run(Object(Symfony\\Component\\Console\\Input\\ArgvInput), Object(Symfony\\Component\\Console\\Output\\ConsoleOutput))
#7 /Users/nattapongthip/Desktop/PUNPRO/DEV_WORK/OKR-DEV-SKLL-WEB_BENZ/benz-laravel-swagger-docs-api/vendor/symfony/console/Application.php(320): Symfony\\Component\\Console\\Application->doRunCommand(Object(Illuminate\\Foundation\\Console\\RouteListCommand), Object(Symfony\\Component\\Console\\Input\\ArgvInput), Object(Symfony\\Component\\Console\\Output\\ConsoleOutput))
#8 /Users/nattapongthip/Desktop/PUNPRO/DEV_WORK/OKR-DEV-SKLL-WEB_BENZ/benz-laravel-swagger-docs-api/vendor/symfony/console/Application.php(174): Symfony\\Component\\Console\\Application->doRun(Object(Symfony\\Component\\Console\\Input\\ArgvInput), Object(Symfony\\Component\\Console\\Output\\ConsoleOutput))
#9 /Users/nattapongthip/Desktop/PUNPRO/DEV_WORK/OKR-DEV-SKLL-WEB_BENZ/benz-laravel-swagger-docs-api/vendor/laravel/framework/src/Illuminate/Foundation/Console/Kernel.php(201): Symfony\\Component\\Console\\Application->run(Object(Symfony\\Component\\Console\\Input\\ArgvInput), Object(Symfony\\Component\\Console\\Output\\ConsoleOutput))
#10 /Users/nattapongthip/Desktop/PUNPRO/DEV_WORK/OKR-DEV-SKLL-WEB_BENZ/benz-laravel-swagger-docs-api/artisan(35): Illuminate\\Foundation\\Console\\Kernel->handle(Object(Symfony\\Component\\Console\\Input\\ArgvInput), Object(Symfony\\Component\\Console\\Output\\ConsoleOutput))
#11 {main}
"} 
[2023-12-26 08:04:50] local.ERROR: The "--columns" option does not exist. {"exception":"[object] (Symfony\\Component\\Console\\Exception\\RuntimeException(code: 0): The \"--columns\" option does not exist. at /Users/nattapongthip/Desktop/PUNPRO/DEV_WORK/OKR-DEV-SKLL-WEB_BENZ/benz-laravel-swagger-docs-api/vendor/symfony/console/Input/ArgvInput.php:223)
[stacktrace]
#0 /Users/nattapongthip/Desktop/PUNPRO/DEV_WORK/OKR-DEV-SKLL-WEB_BENZ/benz-laravel-swagger-docs-api/vendor/symfony/console/Input/ArgvInput.php(150): Symfony\\Component\\Console\\Input\\ArgvInput->addLongOption('columns', 'name,action')
#1 /Users/nattapongthip/Desktop/PUNPRO/DEV_WORK/OKR-DEV-SKLL-WEB_BENZ/benz-laravel-swagger-docs-api/vendor/symfony/console/Input/ArgvInput.php(85): Symfony\\Component\\Console\\Input\\ArgvInput->parseLongOption('--columns=name,...')
#2 /Users/nattapongthip/Desktop/PUNPRO/DEV_WORK/OKR-DEV-SKLL-WEB_BENZ/benz-laravel-swagger-docs-api/vendor/symfony/console/Input/ArgvInput.php(74): Symfony\\Component\\Console\\Input\\ArgvInput->parseToken('--columns=name,...', true)
#3 /Users/nattapongthip/Desktop/PUNPRO/DEV_WORK/OKR-DEV-SKLL-WEB_BENZ/benz-laravel-swagger-docs-api/vendor/symfony/console/Input/Input.php(55): Symfony\\Component\\Console\\Input\\ArgvInput->parse()
#4 /Users/nattapongthip/Desktop/PUNPRO/DEV_WORK/OKR-DEV-SKLL-WEB_BENZ/benz-laravel-swagger-docs-api/vendor/symfony/console/Command/Command.php(285): Symfony\\Component\\Console\\Input\\Input->bind(Object(Symfony\\Component\\Console\\Input\\InputDefinition))
#5 /Users/nattapongthip/Desktop/PUNPRO/DEV_WORK/OKR-DEV-SKLL-WEB_BENZ/benz-laravel-swagger-docs-api/vendor/laravel/framework/src/Illuminate/Console/Command.php(180): Symfony\\Component\\Console\\Command\\Command->run(Object(Symfony\\Component\\Console\\Input\\ArgvInput), Object(Illuminate\\Console\\OutputStyle))
#6 /Users/nattapongthip/Desktop/PUNPRO/DEV_WORK/OKR-DEV-SKLL-WEB_BENZ/benz-laravel-swagger-docs-api/vendor/symfony/console/Application.php(1081): Illuminate\\Console\\Command->run(Object(Symfony\\Component\\Console\\Input\\ArgvInput), Object(Symfony\\Component\\Console\\Output\\ConsoleOutput))
#7 /Users/nattapongthip/Desktop/PUNPRO/DEV_WORK/OKR-DEV-SKLL-WEB_BENZ/benz-laravel-swagger-docs-api/vendor/symfony/console/Application.php(320): Symfony\\Component\\Console\\Application->doRunCommand(Object(Illuminate\\Foundation\\Console\\RouteListCommand), Object(Symfony\\Component\\Console\\Input\\ArgvInput), Object(Symfony\\Component\\Console\\Output\\ConsoleOutput))
#8 /Users/nattapongthip/Desktop/PUNPRO/DEV_WORK/OKR-DEV-SKLL-WEB_BENZ/benz-laravel-swagger-docs-api/vendor/symfony/console/Application.php(174): Symfony\\Component\\Console\\Application->doRun(Object(Symfony\\Component\\Console\\Input\\ArgvInput), Object(Symfony\\Component\\Console\\Output\\ConsoleOutput))
#9 /Users/nattapongthip/Desktop/PUNPRO/DEV_WORK/OKR-DEV-SKLL-WEB_BENZ/benz-laravel-swagger-docs-api/vendor/laravel/framework/src/Illuminate/Foundation/Console/Kernel.php(201): Symfony\\Component\\Console\\Application->run(Object(Symfony\\Component\\Console\\Input\\ArgvInput), Object(Symfony\\Component\\Console\\Output\\ConsoleOutput))
#10 /Users/nattapongthip/Desktop/PUNPRO/DEV_WORK/OKR-DEV-SKLL-WEB_BENZ/benz-laravel-swagger-docs-api/artisan(35): Illuminate\\Foundation\\Console\\Kernel->handle(Object(Symfony\\Component\\Console\\Input\\ArgvInput), Object(Symfony\\Component\\Console\\Output\\ConsoleOutput))
#11 {main}
"} 
